{"C:\\Users\\PhilW\\Documents\\Cursor Projects\\Planorama\\frontend\\react\\src\\App.jsx": {"path":"C:\\Users\\PhilW\\Documents\\Cursor Projects\\Planorama\\frontend\\react\\src\\App.jsx","statementMap":{"0":{"start":{"line":28,"column":19},"end":{"line":28,"column":32}},"1":{"start":{"line":29,"column":21},"end":{"line":29,"column":86}},"2":{"start":{"line":31,"column":2},"end":{"line":36,"column":4}},"3":{"start":{"line":41,"column":46},"end":{"line":41,"column":69}},"4":{"start":{"line":42,"column":19},"end":{"line":42,"column":32}},"5":{"start":{"line":43,"column":19},"end":{"line":43,"column":32}},"6":{"start":{"line":44,"column":26},"end":{"line":44,"column":41}},"7":{"start":{"line":46,"column":2},"end":{"line":54,"column":55}},"8":{"start":{"line":47,"column":4},"end":{"line":53,"column":5}},"9":{"start":{"line":48,"column":6},"end":{"line":48,"column":20}},"10":{"start":{"line":49,"column":6},"end":{"line":49,"column":15}},"11":{"start":{"line":50,"column":6},"end":{"line":52,"column":7}},"12":{"start":{"line":51,"column":8},"end":{"line":51,"column":27}},"13":{"start":{"line":56,"column":22},"end":{"line":60,"column":3}},"14":{"start":{"line":57,"column":4},"end":{"line":57,"column":39}},"15":{"start":{"line":57,"column":32},"end":{"line":57,"column":39}},"16":{"start":{"line":58,"column":4},"end":{"line":58,"column":19}},"17":{"start":{"line":59,"column":4},"end":{"line":59,"column":23}},"18":{"start":{"line":62,"column":2},"end":{"line":68,"column":4}},"19":{"start":{"line":72,"column":2},"end":{"line":144,"column":4}}},"fnMap":{"0":{"name":"Layout","decl":{"start":{"line":27,"column":9},"end":{"line":27,"column":15}},"loc":{"start":{"line":27,"column":30},"end":{"line":37,"column":1}},"line":27},"1":{"name":"AuthErrorHandler","decl":{"start":{"line":40,"column":9},"end":{"line":40,"column":25}},"loc":{"start":{"line":40,"column":28},"end":{"line":69,"column":1}},"line":40},"2":{"name":"(anonymous_2)","decl":{"start":{"line":46,"column":12},"end":{"line":46,"column":13}},"loc":{"start":{"line":46,"column":18},"end":{"line":54,"column":3}},"line":46},"3":{"name":"(anonymous_3)","decl":{"start":{"line":56,"column":22},"end":{"line":56,"column":23}},"loc":{"start":{"line":56,"column":41},"end":{"line":60,"column":3}},"line":56},"4":{"name":"App","decl":{"start":{"line":71,"column":24},"end":{"line":71,"column":27}},"loc":{"start":{"line":71,"column":30},"end":{"line":145,"column":1}},"line":71}},"branchMap":{"0":{"loc":{"start":{"line":47,"column":4},"end":{"line":53,"column":5}},"type":"if","locations":[{"start":{"line":47,"column":4},"end":{"line":53,"column":5}},{"start":{},"end":{}}],"line":47},"1":{"loc":{"start":{"line":50,"column":6},"end":{"line":52,"column":7}},"type":"if","locations":[{"start":{"line":50,"column":6},"end":{"line":52,"column":7}},{"start":{},"end":{}}],"line":50},"2":{"loc":{"start":{"line":57,"column":4},"end":{"line":57,"column":39}},"type":"if","locations":[{"start":{"line":57,"column":4},"end":{"line":57,"column":39}},{"start":{},"end":{}}],"line":57}},"s":{"0":0,"1":0,"2":0,"3":0,"4":0,"5":0,"6":0,"7":0,"8":0,"9":0,"10":0,"11":0,"12":0,"13":0,"14":0,"15":0,"16":0,"17":0,"18":0,"19":0},"f":{"0":0,"1":0,"2":0,"3":0,"4":0},"b":{"0":[0,0],"1":[0,0],"2":[0,0]}}
,"C:\\Users\\PhilW\\Documents\\Cursor Projects\\Planorama\\frontend\\react\\src\\config.js": {"path":"C:\\Users\\PhilW\\Documents\\Cursor Projects\\Planorama\\frontend\\react\\src\\config.js","statementMap":{"0":{"start":{"line":1,"column":26},"end":{"line":1,"column":85}}},"fnMap":{},"branchMap":{"0":{"loc":{"start":{"line":1,"column":26},"end":{"line":1,"column":85}},"type":"binary-expr","locations":[{"start":{"line":1,"column":26},"end":{"line":1,"column":58}},{"start":{"line":1,"column":62},"end":{"line":1,"column":85}}],"line":1}},"s":{"0":0},"f":{},"b":{"0":[0,0]}}
,"C:\\Users\\PhilW\\Documents\\Cursor Projects\\Planorama\\frontend\\react\\src\\i18n.js": {"path":"C:\\Users\\PhilW\\Documents\\Cursor Projects\\Planorama\\frontend\\react\\src\\i18n.js","statementMap":{"0":{"start":{"line":8,"column":0},"end":{"line":26,"column":5}}},"fnMap":{},"branchMap":{},"s":{"0":0},"f":{},"b":{}}
,"C:\\Users\\PhilW\\Documents\\Cursor Projects\\Planorama\\frontend\\react\\src\\api\\authApi.js": {"path":"C:\\Users\\PhilW\\Documents\\Cursor Projects\\Planorama\\frontend\\react\\src\\api\\authApi.js","statementMap":{"0":{"start":{"line":6,"column":21},"end":{"line":23,"column":1}},"1":{"start":{"line":7,"column":19},"end":{"line":14,"column":4}},"2":{"start":{"line":16,"column":2},"end":{"line":19,"column":3}},"3":{"start":{"line":17,"column":17},"end":{"line":17,"column":38}},"4":{"start":{"line":18,"column":4},"end":{"line":18,"column":51}},"5":{"start":{"line":21,"column":15},"end":{"line":21,"column":36}},"6":{"start":{"line":22,"column":2},"end":{"line":22,"column":27}},"7":{"start":{"line":28,"column":24},"end":{"line":41,"column":1}},"8":{"start":{"line":29,"column":19},"end":{"line":33,"column":4}},"9":{"start":{"line":35,"column":2},"end":{"line":38,"column":3}},"10":{"start":{"line":36,"column":17},"end":{"line":36,"column":38}},"11":{"start":{"line":37,"column":4},"end":{"line":37,"column":58}},"12":{"start":{"line":40,"column":2},"end":{"line":40,"column":31}}},"fnMap":{"0":{"name":"(anonymous_0)","decl":{"start":{"line":6,"column":21},"end":{"line":6,"column":22}},"loc":{"start":{"line":6,"column":48},"end":{"line":23,"column":1}},"line":6},"1":{"name":"(anonymous_1)","decl":{"start":{"line":28,"column":24},"end":{"line":28,"column":25}},"loc":{"start":{"line":28,"column":61},"end":{"line":41,"column":1}},"line":28}},"branchMap":{"0":{"loc":{"start":{"line":16,"column":2},"end":{"line":19,"column":3}},"type":"if","locations":[{"start":{"line":16,"column":2},"end":{"line":19,"column":3}},{"start":{},"end":{}}],"line":16},"1":{"loc":{"start":{"line":18,"column":20},"end":{"line":18,"column":49}},"type":"binary-expr","locations":[{"start":{"line":18,"column":20},"end":{"line":18,"column":31}},{"start":{"line":18,"column":35},"end":{"line":18,"column":49}}],"line":18},"2":{"loc":{"start":{"line":35,"column":2},"end":{"line":38,"column":3}},"type":"if","locations":[{"start":{"line":35,"column":2},"end":{"line":38,"column":3}},{"start":{},"end":{}}],"line":35},"3":{"loc":{"start":{"line":37,"column":20},"end":{"line":37,"column":56}},"type":"binary-expr","locations":[{"start":{"line":37,"column":20},"end":{"line":37,"column":31}},{"start":{"line":37,"column":35},"end":{"line":37,"column":56}}],"line":37}},"s":{"0":0,"1":0,"2":0,"3":0,"4":0,"5":0,"6":0,"7":0,"8":0,"9":0,"10":0,"11":0,"12":0},"f":{"0":0,"1":0},"b":{"0":[0,0],"1":[0,0],"2":[0,0],"3":[0,0]}}
,"C:\\Users\\PhilW\\Documents\\Cursor Projects\\Planorama\\frontend\\react\\src\\api\\stationApi.js": {"path":"C:\\Users\\PhilW\\Documents\\Cursor Projects\\Planorama\\frontend\\react\\src\\api\\stationApi.js","statementMap":{"0":{"start":{"line":7,"column":35},"end":{"line":10,"column":1}},"1":{"start":{"line":8,"column":14},"end":{"line":8,"column":77}},"2":{"start":{"line":9,"column":2},"end":{"line":9,"column":18}},"3":{"start":{"line":15,"column":29},"end":{"line":22,"column":1}},"4":{"start":{"line":16,"column":14},"end":{"line":20,"column":4}},"5":{"start":{"line":21,"column":2},"end":{"line":21,"column":18}},"6":{"start":{"line":27,"column":29},"end":{"line":29,"column":1}},"7":{"start":{"line":28,"column":2},"end":{"line":28,"column":61}},"8":{"start":{"line":34,"column":31},"end":{"line":43,"column":1}},"9":{"start":{"line":35,"column":14},"end":{"line":41,"column":4}},"10":{"start":{"line":37,"column":57},"end":{"line":40,"column":5}},"11":{"start":{"line":42,"column":2},"end":{"line":42,"column":18}}},"fnMap":{"0":{"name":"(anonymous_0)","decl":{"start":{"line":7,"column":35},"end":{"line":7,"column":36}},"loc":{"start":{"line":7,"column":53},"end":{"line":10,"column":1}},"line":7},"1":{"name":"(anonymous_1)","decl":{"start":{"line":15,"column":29},"end":{"line":15,"column":30}},"loc":{"start":{"line":15,"column":71},"end":{"line":22,"column":1}},"line":15},"2":{"name":"(anonymous_2)","decl":{"start":{"line":27,"column":29},"end":{"line":27,"column":30}},"loc":{"start":{"line":27,"column":47},"end":{"line":29,"column":1}},"line":27},"3":{"name":"(anonymous_3)","decl":{"start":{"line":34,"column":31},"end":{"line":34,"column":32}},"loc":{"start":{"line":34,"column":59},"end":{"line":43,"column":1}},"line":34},"4":{"name":"(anonymous_4)","decl":{"start":{"line":37,"column":27},"end":{"line":37,"column":28}},"loc":{"start":{"line":37,"column":57},"end":{"line":40,"column":5}},"line":37}},"branchMap":{},"s":{"0":0,"1":0,"2":0,"3":0,"4":0,"5":0,"6":0,"7":0,"8":0,"9":0,"10":0,"11":0},"f":{"0":0,"1":0,"2":0,"3":0,"4":0},"b":{}}
,"C:\\Users\\PhilW\\Documents\\Cursor Projects\\Planorama\\frontend\\react\\src\\api\\tripApi.js": {"path":"C:\\Users\\PhilW\\Documents\\Cursor Projects\\Planorama\\frontend\\react\\src\\api\\tripApi.js","statementMap":{"0":{"start":{"line":7,"column":34},"end":{"line":17,"column":1}},"1":{"start":{"line":8,"column":2},"end":{"line":16,"column":3}},"2":{"start":{"line":9,"column":16},"end":{"line":11,"column":6}},"3":{"start":{"line":12,"column":4},"end":{"line":12,"column":26}},"4":{"start":{"line":14,"column":4},"end":{"line":14,"column":53}},"5":{"start":{"line":15,"column":4},"end":{"line":15,"column":14}},"6":{"start":{"line":22,"column":38},"end":{"line":40,"column":1}},"7":{"start":{"line":23,"column":2},"end":{"line":39,"column":3}},"8":{"start":{"line":24,"column":21},"end":{"line":34,"column":6}},"9":{"start":{"line":35,"column":4},"end":{"line":35,"column":31}},"10":{"start":{"line":37,"column":4},"end":{"line":37,"column":52}},"11":{"start":{"line":38,"column":4},"end":{"line":38,"column":14}},"12":{"start":{"line":45,"column":28},"end":{"line":53,"column":1}},"13":{"start":{"line":46,"column":2},"end":{"line":52,"column":3}},"14":{"start":{"line":47,"column":16},"end":{"line":47,"column":86}},"15":{"start":{"line":48,"column":4},"end":{"line":48,"column":20}},"16":{"start":{"line":50,"column":4},"end":{"line":50,"column":47}},"17":{"start":{"line":51,"column":4},"end":{"line":51,"column":16}},"18":{"start":{"line":58,"column":35},"end":{"line":61,"column":1}},"19":{"start":{"line":59,"column":14},"end":{"line":59,"column":77}},"20":{"start":{"line":60,"column":2},"end":{"line":60,"column":18}},"21":{"start":{"line":66,"column":34},"end":{"line":69,"column":1}},"22":{"start":{"line":67,"column":14},"end":{"line":67,"column":72}},"23":{"start":{"line":68,"column":2},"end":{"line":68,"column":18}},"24":{"start":{"line":74,"column":38},"end":{"line":84,"column":1}},"25":{"start":{"line":75,"column":14},"end":{"line":82,"column":4}},"26":{"start":{"line":83,"column":2},"end":{"line":83,"column":18}},"27":{"start":{"line":89,"column":30},"end":{"line":92,"column":1}},"28":{"start":{"line":90,"column":14},"end":{"line":90,"column":59}},"29":{"start":{"line":91,"column":2},"end":{"line":91,"column":18}},"30":{"start":{"line":97,"column":29},"end":{"line":100,"column":1}},"31":{"start":{"line":98,"column":14},"end":{"line":98,"column":66}},"32":{"start":{"line":99,"column":2},"end":{"line":99,"column":18}},"33":{"start":{"line":105,"column":26},"end":{"line":112,"column":1}},"34":{"start":{"line":106,"column":14},"end":{"line":110,"column":4}},"35":{"start":{"line":111,"column":2},"end":{"line":111,"column":18}},"36":{"start":{"line":117,"column":31},"end":{"line":123,"column":1}},"37":{"start":{"line":118,"column":14},"end":{"line":121,"column":4}},"38":{"start":{"line":122,"column":2},"end":{"line":122,"column":18}},"39":{"start":{"line":128,"column":26},"end":{"line":130,"column":1}},"40":{"start":{"line":129,"column":2},"end":{"line":129,"column":58}}},"fnMap":{"0":{"name":"(anonymous_0)","decl":{"start":{"line":7,"column":34},"end":{"line":7,"column":35}},"loc":{"start":{"line":7,"column":91},"end":{"line":17,"column":1}},"line":7},"1":{"name":"(anonymous_1)","decl":{"start":{"line":22,"column":38},"end":{"line":22,"column":39}},"loc":{"start":{"line":22,"column":118},"end":{"line":40,"column":1}},"line":22},"2":{"name":"(anonymous_2)","decl":{"start":{"line":45,"column":28},"end":{"line":45,"column":29}},"loc":{"start":{"line":45,"column":48},"end":{"line":53,"column":1}},"line":45},"3":{"name":"(anonymous_3)","decl":{"start":{"line":58,"column":35},"end":{"line":58,"column":36}},"loc":{"start":{"line":58,"column":53},"end":{"line":61,"column":1}},"line":58},"4":{"name":"(anonymous_4)","decl":{"start":{"line":66,"column":34},"end":{"line":66,"column":35}},"loc":{"start":{"line":66,"column":52},"end":{"line":69,"column":1}},"line":66},"5":{"name":"(anonymous_5)","decl":{"start":{"line":74,"column":38},"end":{"line":74,"column":39}},"loc":{"start":{"line":74,"column":88},"end":{"line":84,"column":1}},"line":74},"6":{"name":"(anonymous_6)","decl":{"start":{"line":89,"column":30},"end":{"line":89,"column":31}},"loc":{"start":{"line":89,"column":42},"end":{"line":92,"column":1}},"line":89},"7":{"name":"(anonymous_7)","decl":{"start":{"line":97,"column":29},"end":{"line":97,"column":30}},"loc":{"start":{"line":97,"column":47},"end":{"line":100,"column":1}},"line":97},"8":{"name":"(anonymous_8)","decl":{"start":{"line":105,"column":26},"end":{"line":105,"column":27}},"loc":{"start":{"line":105,"column":66},"end":{"line":112,"column":1}},"line":105},"9":{"name":"(anonymous_9)","decl":{"start":{"line":117,"column":31},"end":{"line":117,"column":32}},"loc":{"start":{"line":117,"column":69},"end":{"line":123,"column":1}},"line":117},"10":{"name":"(anonymous_10)","decl":{"start":{"line":128,"column":26},"end":{"line":128,"column":27}},"loc":{"start":{"line":128,"column":44},"end":{"line":130,"column":1}},"line":128}},"branchMap":{"0":{"loc":{"start":{"line":12,"column":11},"end":{"line":12,"column":25}},"type":"binary-expr","locations":[{"start":{"line":12,"column":11},"end":{"line":12,"column":19}},{"start":{"line":12,"column":23},"end":{"line":12,"column":25}}],"line":12},"1":{"loc":{"start":{"line":35,"column":11},"end":{"line":35,"column":30}},"type":"binary-expr","locations":[{"start":{"line":35,"column":11},"end":{"line":35,"column":24}},{"start":{"line":35,"column":28},"end":{"line":35,"column":30}}],"line":35}},"s":{"0":0,"1":0,"2":0,"3":0,"4":0,"5":0,"6":0,"7":0,"8":0,"9":0,"10":0,"11":0,"12":0,"13":0,"14":0,"15":0,"16":0,"17":0,"18":0,"19":0,"20":0,"21":0,"22":0,"23":0,"24":0,"25":0,"26":0,"27":0,"28":0,"29":0,"30":0,"31":0,"32":0,"33":0,"34":0,"35":0,"36":0,"37":0,"38":0,"39":0,"40":0},"f":{"0":0,"1":0,"2":0,"3":0,"4":0,"5":0,"6":0,"7":0,"8":0,"9":0,"10":0},"b":{"0":[0,0],"1":[0,0]}}
,"C:\\Users\\PhilW\\Documents\\Cursor Projects\\Planorama\\frontend\\react\\src\\api\\userApi.js": {"path":"C:\\Users\\PhilW\\Documents\\Cursor Projects\\Planorama\\frontend\\react\\src\\api\\userApi.js","statementMap":{"0":{"start":{"line":7,"column":26},"end":{"line":9,"column":1}},"1":{"start":{"line":8,"column":2},"end":{"line":8,"column":51}}},"fnMap":{"0":{"name":"(anonymous_0)","decl":{"start":{"line":7,"column":26},"end":{"line":7,"column":27}},"loc":{"start":{"line":7,"column":38},"end":{"line":9,"column":1}},"line":7}},"branchMap":{},"s":{"0":0,"1":0},"f":{"0":0},"b":{}}
,"C:\\Users\\PhilW\\Documents\\Cursor Projects\\Planorama\\frontend\\react\\src\\components\\Navbar.jsx": {"path":"C:\\Users\\PhilW\\Documents\\Cursor Projects\\Planorama\\frontend\\react\\src\\components\\Navbar.jsx","statementMap":{"0":{"start":{"line":9,"column":19},"end":{"line":14,"column":1}},"1":{"start":{"line":17,"column":44},"end":{"line":17,"column":67}},"2":{"start":{"line":18,"column":19},"end":{"line":18,"column":32}},"3":{"start":{"line":19,"column":22},"end":{"line":19,"column":38}},"4":{"start":{"line":21,"column":34},"end":{"line":21,"column":48}},"5":{"start":{"line":22,"column":15},"end":{"line":22,"column":32}},"6":{"start":{"line":24,"column":19},"end":{"line":24,"column":43}},"7":{"start":{"line":27,"column":25},"end":{"line":42,"column":3}},"8":{"start":{"line":28,"column":4},"end":{"line":28,"column":38}},"9":{"start":{"line":28,"column":31},"end":{"line":28,"column":38}},"10":{"start":{"line":30,"column":4},"end":{"line":41,"column":5}},"11":{"start":{"line":31,"column":6},"end":{"line":31,"column":37}},"12":{"start":{"line":33,"column":6},"end":{"line":38,"column":7}},"13":{"start":{"line":35,"column":8},"end":{"line":37,"column":11}},"14":{"start":{"line":40,"column":6},"end":{"line":40,"column":55}},"15":{"start":{"line":44,"column":25},"end":{"line":44,"column":68}},"16":{"start":{"line":44,"column":36},"end":{"line":44,"column":68}},"17":{"start":{"line":45,"column":26},"end":{"line":45,"column":49}},"18":{"start":{"line":45,"column":32},"end":{"line":45,"column":49}},"19":{"start":{"line":47,"column":23},"end":{"line":51,"column":3}},"20":{"start":{"line":48,"column":4},"end":{"line":48,"column":13}},"21":{"start":{"line":49,"column":4},"end":{"line":49,"column":22}},"22":{"start":{"line":50,"column":4},"end":{"line":50,"column":23}},"23":{"start":{"line":53,"column":2},"end":{"line":172,"column":4}},"24":{"start":{"line":81,"column":29},"end":{"line":81,"column":49}},"25":{"start":{"line":89,"column":29},"end":{"line":89,"column":49}},"26":{"start":{"line":136,"column":18},"end":{"line":136,"column":36}},"27":{"start":{"line":137,"column":18},"end":{"line":137,"column":41}},"28":{"start":{"line":145,"column":18},"end":{"line":145,"column":36}},"29":{"start":{"line":146,"column":18},"end":{"line":146,"column":37}},"30":{"start":{"line":154,"column":18},"end":{"line":154,"column":36}},"31":{"start":{"line":155,"column":18},"end":{"line":155,"column":40}}},"fnMap":{"0":{"name":"Navbar","decl":{"start":{"line":16,"column":24},"end":{"line":16,"column":30}},"loc":{"start":{"line":16,"column":47},"end":{"line":173,"column":1}},"line":16},"1":{"name":"(anonymous_1)","decl":{"start":{"line":27,"column":25},"end":{"line":27,"column":26}},"loc":{"start":{"line":27,"column":40},"end":{"line":42,"column":3}},"line":27},"2":{"name":"(anonymous_2)","decl":{"start":{"line":44,"column":25},"end":{"line":44,"column":26}},"loc":{"start":{"line":44,"column":36},"end":{"line":44,"column":68}},"line":44},"3":{"name":"(anonymous_3)","decl":{"start":{"line":45,"column":26},"end":{"line":45,"column":27}},"loc":{"start":{"line":45,"column":32},"end":{"line":45,"column":49}},"line":45},"4":{"name":"(anonymous_4)","decl":{"start":{"line":47,"column":23},"end":{"line":47,"column":24}},"loc":{"start":{"line":47,"column":29},"end":{"line":51,"column":3}},"line":47},"5":{"name":"(anonymous_5)","decl":{"start":{"line":81,"column":23},"end":{"line":81,"column":24}},"loc":{"start":{"line":81,"column":29},"end":{"line":81,"column":49}},"line":81},"6":{"name":"(anonymous_6)","decl":{"start":{"line":89,"column":23},"end":{"line":89,"column":24}},"loc":{"start":{"line":89,"column":29},"end":{"line":89,"column":49}},"line":89},"7":{"name":"(anonymous_7)","decl":{"start":{"line":135,"column":25},"end":{"line":135,"column":26}},"loc":{"start":{"line":135,"column":31},"end":{"line":138,"column":17}},"line":135},"8":{"name":"(anonymous_8)","decl":{"start":{"line":144,"column":25},"end":{"line":144,"column":26}},"loc":{"start":{"line":144,"column":31},"end":{"line":147,"column":17}},"line":144},"9":{"name":"(anonymous_9)","decl":{"start":{"line":153,"column":25},"end":{"line":153,"column":26}},"loc":{"start":{"line":153,"column":31},"end":{"line":156,"column":17}},"line":153}},"branchMap":{"0":{"loc":{"start":{"line":24,"column":19},"end":{"line":24,"column":43}},"type":"binary-expr","locations":[{"start":{"line":24,"column":19},"end":{"line":24,"column":33}},{"start":{"line":24,"column":37},"end":{"line":24,"column":43}}],"line":24},"1":{"loc":{"start":{"line":28,"column":4},"end":{"line":28,"column":38}},"type":"if","locations":[{"start":{"line":28,"column":4},"end":{"line":28,"column":38}},{"start":{},"end":{}}],"line":28},"2":{"loc":{"start":{"line":33,"column":6},"end":{"line":38,"column":7}},"type":"if","locations":[{"start":{"line":33,"column":6},"end":{"line":38,"column":7}},{"start":{},"end":{}}],"line":33},"3":{"loc":{"start":{"line":57,"column":14},"end":{"line":57,"column":38}},"type":"cond-expr","locations":[{"start":{"line":57,"column":27},"end":{"line":57,"column":34}},{"start":{"line":57,"column":37},"end":{"line":57,"column":38}}],"line":57},"4":{"loc":{"start":{"line":58,"column":15},"end":{"line":58,"column":57}},"type":"cond-expr","locations":[{"start":{"line":58,"column":28},"end":{"line":58,"column":48}},{"start":{"line":58,"column":51},"end":{"line":58,"column":57}}],"line":58},"5":{"loc":{"start":{"line":96,"column":13},"end":{"line":105,"column":1}},"type":"binary-expr","locations":[{"start":{"line":96,"column":13},"end":{"line":96,"column":29}},{"start":{"line":97,"column":2},"end":{"line":104,"column":5}}],"line":96},"6":{"loc":{"start":{"line":109,"column":9},"end":{"line":169,"column":9}},"type":"binary-expr","locations":[{"start":{"line":109,"column":9},"end":{"line":109,"column":24}},{"start":{"line":110,"column":10},"end":{"line":168,"column":13}}],"line":109}},"s":{"0":0,"1":0,"2":0,"3":0,"4":0,"5":0,"6":0,"7":0,"8":0,"9":0,"10":0,"11":0,"12":0,"13":0,"14":0,"15":0,"16":0,"17":0,"18":0,"19":0,"20":0,"21":0,"22":0,"23":0,"24":0,"25":0,"26":0,"27":0,"28":0,"29":0,"30":0,"31":0},"f":{"0":0,"1":0,"2":0,"3":0,"4":0,"5":0,"6":0,"7":0,"8":0,"9":0},"b":{"0":[0,0],"1":[0,0],"2":[0,0],"3":[0,0],"4":[0,0],"5":[0,0],"6":[0,0]}}
,"C:\\Users\\PhilW\\Documents\\Cursor Projects\\Planorama\\frontend\\react\\src\\components\\PrivateRoute.jsx": {"path":"C:\\Users\\PhilW\\Documents\\Cursor Projects\\Planorama\\frontend\\react\\src\\components\\PrivateRoute.jsx","statementMap":{"0":{"start":{"line":7,"column":39},"end":{"line":7,"column":62}},"1":{"start":{"line":9,"column":2},"end":{"line":12,"column":3}},"2":{"start":{"line":11,"column":4},"end":{"line":11,"column":33}},"3":{"start":{"line":15,"column":2},"end":{"line":17,"column":3}},"4":{"start":{"line":16,"column":4},"end":{"line":16,"column":44}},"5":{"start":{"line":20,"column":2},"end":{"line":20,"column":18}}},"fnMap":{"0":{"name":"PrivateRoute","decl":{"start":{"line":6,"column":24},"end":{"line":6,"column":36}},"loc":{"start":{"line":6,"column":51},"end":{"line":21,"column":1}},"line":6}},"branchMap":{"0":{"loc":{"start":{"line":9,"column":2},"end":{"line":12,"column":3}},"type":"if","locations":[{"start":{"line":9,"column":2},"end":{"line":12,"column":3}},{"start":{},"end":{}}],"line":9},"1":{"loc":{"start":{"line":15,"column":2},"end":{"line":17,"column":3}},"type":"if","locations":[{"start":{"line":15,"column":2},"end":{"line":17,"column":3}},{"start":{},"end":{}}],"line":15}},"s":{"0":0,"1":0,"2":0,"3":0,"4":0,"5":0},"f":{"0":0},"b":{"0":[0,0],"1":[0,0]}}
,"C:\\Users\\PhilW\\Documents\\Cursor Projects\\Planorama\\frontend\\react\\src\\components\\Sidebar.jsx": {"path":"C:\\Users\\PhilW\\Documents\\Cursor Projects\\Planorama\\frontend\\react\\src\\components\\Sidebar.jsx","statementMap":{"0":{"start":{"line":9,"column":21},"end":{"line":9,"column":44}},"1":{"start":{"line":10,"column":19},"end":{"line":10,"column":32}},"2":{"start":{"line":11,"column":22},"end":{"line":11,"column":38}},"3":{"start":{"line":13,"column":23},"end":{"line":16,"column":3}},"4":{"start":{"line":14,"column":4},"end":{"line":14,"column":13}},"5":{"start":{"line":15,"column":4},"end":{"line":15,"column":23}},"6":{"start":{"line":18,"column":2},"end":{"line":76,"column":4}},"7":{"start":{"line":79,"column":18},"end":{"line":85,"column":1}}},"fnMap":{"0":{"name":"Sidebar","decl":{"start":{"line":8,"column":24},"end":{"line":8,"column":31}},"loc":{"start":{"line":8,"column":34},"end":{"line":77,"column":1}},"line":8},"1":{"name":"(anonymous_1)","decl":{"start":{"line":13,"column":23},"end":{"line":13,"column":24}},"loc":{"start":{"line":13,"column":29},"end":{"line":16,"column":3}},"line":13}},"branchMap":{},"s":{"0":0,"1":0,"2":0,"3":0,"4":0,"5":0,"6":0,"7":0},"f":{"0":0,"1":0},"b":{}}
,"C:\\Users\\PhilW\\Documents\\Cursor Projects\\Planorama\\frontend\\react\\src\\components\\common\\BackButton.jsx": {"path":"C:\\Users\\PhilW\\Documents\\Cursor Projects\\Planorama\\frontend\\react\\src\\components\\common\\BackButton.jsx","statementMap":{"0":{"start":{"line":8,"column":26},"end":{"line":43,"column":1}},"1":{"start":{"line":9,"column":19},"end":{"line":9,"column":32}},"2":{"start":{"line":10,"column":16},"end":{"line":10,"column":32}},"3":{"start":{"line":12,"column":2},"end":{"line":42,"column":4}},"4":{"start":{"line":27,"column":23},"end":{"line":27,"column":35}}},"fnMap":{"0":{"name":"(anonymous_0)","decl":{"start":{"line":8,"column":26},"end":{"line":8,"column":27}},"loc":{"start":{"line":8,"column":66},"end":{"line":43,"column":1}},"line":8},"1":{"name":"(anonymous_1)","decl":{"start":{"line":27,"column":17},"end":{"line":27,"column":18}},"loc":{"start":{"line":27,"column":23},"end":{"line":27,"column":35}},"line":27}},"branchMap":{"0":{"loc":{"start":{"line":8,"column":29},"end":{"line":8,"column":42}},"type":"default-arg","locations":[{"start":{"line":8,"column":34},"end":{"line":8,"column":42}}],"line":8},"1":{"loc":{"start":{"line":39,"column":9},"end":{"line":39,"column":34}},"type":"binary-expr","locations":[{"start":{"line":39,"column":9},"end":{"line":39,"column":14}},{"start":{"line":39,"column":18},"end":{"line":39,"column":34}}],"line":39}},"s":{"0":1,"1":2,"2":2,"3":2,"4":0},"f":{"0":2,"1":0},"b":{"0":[2],"1":[2,1]},"_coverageSchema":"1a1c01bbd47fc00a2c39e90264f33305004495a9","hash":"2703540cc521f7126babe4c8cc04607a0c3cb309"}
,"C:\\Users\\PhilW\\Documents\\Cursor Projects\\Planorama\\frontend\\react\\src\\components\\common\\BackgroundBox.jsx": {"path":"C:\\Users\\PhilW\\Documents\\Cursor Projects\\Planorama\\frontend\\react\\src\\components\\common\\BackgroundBox.jsx","statementMap":{"0":{"start":{"line":6,"column":29},"end":{"line":37,"column":1}},"1":{"start":{"line":7,"column":2},"end":{"line":36,"column":4}}},"fnMap":{"0":{"name":"(anonymous_0)","decl":{"start":{"line":6,"column":29},"end":{"line":6,"column":30}},"loc":{"start":{"line":6,"column":66},"end":{"line":37,"column":1}},"line":6}},"branchMap":{"0":{"loc":{"start":{"line":6,"column":42},"end":{"line":6,"column":49}},"type":"default-arg","locations":[{"start":{"line":6,"column":47},"end":{"line":6,"column":49}}],"line":6}},"s":{"0":0,"1":0},"f":{"0":0},"b":{"0":[0]}}
,"C:\\Users\\PhilW\\Documents\\Cursor Projects\\Planorama\\frontend\\react\\src\\components\\common\\LoadingSpinner.jsx": {"path":"C:\\Users\\PhilW\\Documents\\Cursor Projects\\Planorama\\frontend\\react\\src\\components\\common\\LoadingSpinner.jsx","statementMap":{"0":{"start":{"line":6,"column":30},"end":{"line":21,"column":1}},"1":{"start":{"line":7,"column":2},"end":{"line":20,"column":4}}},"fnMap":{"0":{"name":"(anonymous_0)","decl":{"start":{"line":6,"column":30},"end":{"line":6,"column":31}},"loc":{"start":{"line":6,"column":76},"end":{"line":21,"column":1}},"line":6}},"branchMap":{"0":{"loc":{"start":{"line":6,"column":33},"end":{"line":6,"column":50}},"type":"default-arg","locations":[{"start":{"line":6,"column":46},"end":{"line":6,"column":50}}],"line":6},"1":{"loc":{"start":{"line":6,"column":52},"end":{"line":6,"column":59}},"type":"default-arg","locations":[{"start":{"line":6,"column":57},"end":{"line":6,"column":59}}],"line":6},"2":{"loc":{"start":{"line":11,"column":16},"end":{"line":11,"column":45}},"type":"cond-expr","locations":[{"start":{"line":11,"column":29},"end":{"line":11,"column":36}},{"start":{"line":11,"column":39},"end":{"line":11,"column":45}}],"line":11}},"s":{"0":1,"1":1},"f":{"0":1},"b":{"0":[1],"1":[1],"2":[1,0]},"_coverageSchema":"1a1c01bbd47fc00a2c39e90264f33305004495a9","hash":"301c8ae1b185272803403567234329baf09df1fe"}
,"C:\\Users\\PhilW\\Documents\\Cursor Projects\\Planorama\\frontend\\react\\src\\components\\common\\StyledCard.jsx": {"path":"C:\\Users\\PhilW\\Documents\\Cursor Projects\\Planorama\\frontend\\react\\src\\components\\common\\StyledCard.jsx","statementMap":{"0":{"start":{"line":6,"column":26},"end":{"line":29,"column":1}},"1":{"start":{"line":7,"column":2},"end":{"line":28,"column":4}}},"fnMap":{"0":{"name":"(anonymous_0)","decl":{"start":{"line":6,"column":26},"end":{"line":6,"column":27}},"loc":{"start":{"line":6,"column":76},"end":{"line":29,"column":1}},"line":6}},"branchMap":{"0":{"loc":{"start":{"line":6,"column":39},"end":{"line":6,"column":50}},"type":"default-arg","locations":[{"start":{"line":6,"column":47},"end":{"line":6,"column":50}}],"line":6},"1":{"loc":{"start":{"line":6,"column":52},"end":{"line":6,"column":59}},"type":"default-arg","locations":[{"start":{"line":6,"column":57},"end":{"line":6,"column":59}}],"line":6}},"s":{"0":0,"1":0},"f":{"0":0},"b":{"0":[0],"1":[0]}}
,"C:\\Users\\PhilW\\Documents\\Cursor Projects\\Planorama\\frontend\\react\\src\\components\\common\\StyledTextField.jsx": {"path":"C:\\Users\\PhilW\\Documents\\Cursor Projects\\Planorama\\frontend\\react\\src\\components\\common\\StyledTextField.jsx","statementMap":{"0":{"start":{"line":6,"column":31},"end":{"line":21,"column":1}},"1":{"start":{"line":7,"column":2},"end":{"line":20,"column":4}}},"fnMap":{"0":{"name":"(anonymous_0)","decl":{"start":{"line":6,"column":31},"end":{"line":6,"column":32}},"loc":{"start":{"line":6,"column":58},"end":{"line":21,"column":1}},"line":6}},"branchMap":{"0":{"loc":{"start":{"line":6,"column":34},"end":{"line":6,"column":41}},"type":"default-arg","locations":[{"start":{"line":6,"column":39},"end":{"line":6,"column":41}}],"line":6}},"s":{"0":0,"1":0},"f":{"0":0},"b":{"0":[0]}}
,"C:\\Users\\PhilW\\Documents\\Cursor Projects\\Planorama\\frontend\\react\\src\\components\\common\\TabbedModal.jsx": {"path":"C:\\Users\\PhilW\\Documents\\Cursor Projects\\Planorama\\frontend\\react\\src\\components\\common\\TabbedModal.jsx","statementMap":{"0":{"start":{"line":24,"column":2},"end":{"line":28,"column":4}},"1":{"start":{"line":31,"column":24},"end":{"line":41,"column":1}},"2":{"start":{"line":43,"column":22},"end":{"line":239,"column":1}},"3":{"start":{"line":56,"column":34},"end":{"line":56,"column":45}},"4":{"start":{"line":57,"column":50},"end":{"line":57,"column":62}},"5":{"start":{"line":58,"column":44},"end":{"line":58,"column":56}},"6":{"start":{"line":59,"column":16},"end":{"line":59,"column":32}},"7":{"start":{"line":61,"column":26},"end":{"line":61,"column":68}},"8":{"start":{"line":61,"column":47},"end":{"line":61,"column":68}},"9":{"start":{"line":63,"column":36},"end":{"line":65,"column":3}},"10":{"start":{"line":64,"column":4},"end":{"line":64,"column":64}},"11":{"start":{"line":64,"column":30},"end":{"line":64,"column":64}},"12":{"start":{"line":67,"column":31},"end":{"line":69,"column":3}},"13":{"start":{"line":68,"column":4},"end":{"line":68,"column":40}},"14":{"start":{"line":71,"column":32},"end":{"line":75,"column":3}},"15":{"start":{"line":72,"column":4},"end":{"line":74,"column":5}},"16":{"start":{"line":73,"column":6},"end":{"line":73,"column":52}},"17":{"start":{"line":77,"column":2},"end":{"line":238,"column":4}},"18":{"start":{"line":178,"column":14},"end":{"line":184,"column":22}},"19":{"start":{"line":195,"column":31},"end":{"line":195,"column":63}},"20":{"start":{"line":225,"column":14},"end":{"line":232,"column":22}}},"fnMap":{"0":{"name":"TabPanel","decl":{"start":{"line":23,"column":9},"end":{"line":23,"column":17}},"loc":{"start":{"line":23,"column":46},"end":{"line":29,"column":1}},"line":23},"1":{"name":"(anonymous_1)","decl":{"start":{"line":43,"column":22},"end":{"line":43,"column":23}},"loc":{"start":{"line":55,"column":6},"end":{"line":239,"column":1}},"line":55},"2":{"name":"(anonymous_2)","decl":{"start":{"line":61,"column":26},"end":{"line":61,"column":27}},"loc":{"start":{"line":61,"column":47},"end":{"line":61,"column":68}},"line":61},"3":{"name":"(anonymous_3)","decl":{"start":{"line":63,"column":36},"end":{"line":63,"column":37}},"loc":{"start":{"line":63,"column":42},"end":{"line":65,"column":3}},"line":63},"4":{"name":"(anonymous_4)","decl":{"start":{"line":67,"column":31},"end":{"line":67,"column":32}},"loc":{"start":{"line":67,"column":38},"end":{"line":69,"column":3}},"line":67},"5":{"name":"(anonymous_5)","decl":{"start":{"line":71,"column":32},"end":{"line":71,"column":33}},"loc":{"start":{"line":71,"column":38},"end":{"line":75,"column":3}},"line":71},"6":{"name":"(anonymous_6)","decl":{"start":{"line":177,"column":33},"end":{"line":177,"column":34}},"loc":{"start":{"line":178,"column":14},"end":{"line":184,"column":22}},"line":178},"7":{"name":"(anonymous_7)","decl":{"start":{"line":195,"column":24},"end":{"line":195,"column":25}},"loc":{"start":{"line":195,"column":31},"end":{"line":195,"column":63}},"line":195},"8":{"name":"(anonymous_8)","decl":{"start":{"line":224,"column":32},"end":{"line":224,"column":33}},"loc":{"start":{"line":225,"column":14},"end":{"line":232,"column":22}},"line":225}},"branchMap":{"0":{"loc":{"start":{"line":26,"column":7},"end":{"line":26,"column":62}},"type":"binary-expr","locations":[{"start":{"line":26,"column":7},"end":{"line":26,"column":22}},{"start":{"line":26,"column":26},"end":{"line":26,"column":62}}],"line":26},"1":{"loc":{"start":{"line":49,"column":2},"end":{"line":49,"column":23}},"type":"default-arg","locations":[{"start":{"line":49,"column":21},"end":{"line":49,"column":23}}],"line":49},"2":{"loc":{"start":{"line":50,"column":2},"end":{"line":50,"column":22}},"type":"default-arg","locations":[{"start":{"line":50,"column":20},"end":{"line":50,"column":22}}],"line":50},"3":{"loc":{"start":{"line":51,"column":2},"end":{"line":51,"column":26}},"type":"default-arg","locations":[{"start":{"line":51,"column":21},"end":{"line":51,"column":26}}],"line":51},"4":{"loc":{"start":{"line":52,"column":2},"end":{"line":52,"column":25}},"type":"default-arg","locations":[{"start":{"line":52,"column":20},"end":{"line":52,"column":25}}],"line":52},"5":{"loc":{"start":{"line":64,"column":4},"end":{"line":64,"column":64}},"type":"if","locations":[{"start":{"line":64,"column":4},"end":{"line":64,"column":64}},{"start":{},"end":{}}],"line":64},"6":{"loc":{"start":{"line":72,"column":4},"end":{"line":74,"column":5}},"type":"if","locations":[{"start":{"line":72,"column":4},"end":{"line":74,"column":5}},{"start":{},"end":{}}],"line":72},"7":{"loc":{"start":{"line":156,"column":24},"end":{"line":156,"column":61}},"type":"binary-expr","locations":[{"start":{"line":156,"column":24},"end":{"line":156,"column":41}},{"start":{"line":156,"column":45},"end":{"line":156,"column":61}}],"line":156},"8":{"loc":{"start":{"line":158,"column":15},"end":{"line":158,"column":106}},"type":"cond-expr","locations":[{"start":{"line":158,"column":34},"end":{"line":158,"column":80}},{"start":{"line":158,"column":83},"end":{"line":158,"column":106}}],"line":158},"9":{"loc":{"start":{"line":162,"column":11},"end":{"line":186,"column":11}},"type":"cond-expr","locations":[{"start":{"line":163,"column":12},"end":{"line":175,"column":18}},{"start":{"line":177,"column":12},"end":{"line":185,"column":14}}],"line":162},"10":{"loc":{"start":{"line":205,"column":15},"end":{"line":205,"column":105}},"type":"cond-expr","locations":[{"start":{"line":205,"column":33},"end":{"line":205,"column":79}},{"start":{"line":205,"column":82},"end":{"line":205,"column":105}}],"line":205},"11":{"loc":{"start":{"line":209,"column":11},"end":{"line":234,"column":11}},"type":"cond-expr","locations":[{"start":{"line":210,"column":12},"end":{"line":222,"column":18}},{"start":{"line":224,"column":12},"end":{"line":233,"column":14}}],"line":209}},"s":{"0":0,"1":0,"2":0,"3":0,"4":0,"5":0,"6":0,"7":0,"8":0,"9":0,"10":0,"11":0,"12":0,"13":0,"14":0,"15":0,"16":0,"17":0,"18":0,"19":0,"20":0},"f":{"0":0,"1":0,"2":0,"3":0,"4":0,"5":0,"6":0,"7":0,"8":0},"b":{"0":[0,0],"1":[0],"2":[0],"3":[0],"4":[0],"5":[0,0],"6":[0,0],"7":[0,0],"8":[0,0],"9":[0,0],"10":[0,0],"11":[0,0]}}
,"C:\\Users\\PhilW\\Documents\\Cursor Projects\\Planorama\\frontend\\react\\src\\components\\common\\TransportModal.jsx": {"path":"C:\\Users\\PhilW\\Documents\\Cursor Projects\\Planorama\\frontend\\react\\src\\components\\common\\TransportModal.jsx","statementMap":{"0":{"start":{"line":21,"column":2},"end":{"line":25,"column":4}},"1":{"start":{"line":28,"column":18},"end":{"line":36,"column":1}},"2":{"start":{"line":38,"column":23},"end":{"line":225,"column":1}},"3":{"start":{"line":52,"column":16},"end":{"line":52,"column":32}},"4":{"start":{"line":53,"column":34},"end":{"line":53,"column":45}},"5":{"start":{"line":55,"column":26},"end":{"line":55,"column":68}},"6":{"start":{"line":55,"column":47},"end":{"line":55,"column":68}},"7":{"start":{"line":57,"column":2},"end":{"line":224,"column":4}},"8":{"start":{"line":123,"column":20},"end":{"line":131,"column":33}},"9":{"start":{"line":175,"column":14},"end":{"line":218,"column":21}}},"fnMap":{"0":{"name":"TabPanel","decl":{"start":{"line":20,"column":9},"end":{"line":20,"column":17}},"loc":{"start":{"line":20,"column":46},"end":{"line":26,"column":1}},"line":20},"1":{"name":"(anonymous_1)","decl":{"start":{"line":38,"column":23},"end":{"line":38,"column":24}},"loc":{"start":{"line":51,"column":6},"end":{"line":225,"column":1}},"line":51},"2":{"name":"(anonymous_2)","decl":{"start":{"line":55,"column":26},"end":{"line":55,"column":27}},"loc":{"start":{"line":55,"column":47},"end":{"line":55,"column":68}},"line":55},"3":{"name":"(anonymous_3)","decl":{"start":{"line":122,"column":44},"end":{"line":122,"column":45}},"loc":{"start":{"line":123,"column":20},"end":{"line":131,"column":33}},"line":123},"4":{"name":"(anonymous_4)","decl":{"start":{"line":174,"column":38},"end":{"line":174,"column":39}},"loc":{"start":{"line":175,"column":14},"end":{"line":218,"column":21}},"line":175}},"branchMap":{"0":{"loc":{"start":{"line":23,"column":7},"end":{"line":23,"column":62}},"type":"binary-expr","locations":[{"start":{"line":23,"column":7},"end":{"line":23,"column":22}},{"start":{"line":23,"column":26},"end":{"line":23,"column":62}}],"line":23},"1":{"loc":{"start":{"line":41,"column":2},"end":{"line":41,"column":27}},"type":"default-arg","locations":[{"start":{"line":41,"column":25},"end":{"line":41,"column":27}}],"line":41},"2":{"loc":{"start":{"line":42,"column":2},"end":{"line":42,"column":20}},"type":"default-arg","locations":[{"start":{"line":42,"column":18},"end":{"line":42,"column":20}}],"line":42},"3":{"loc":{"start":{"line":43,"column":2},"end":{"line":43,"column":28}},"type":"default-arg","locations":[{"start":{"line":43,"column":26},"end":{"line":43,"column":28}}],"line":43},"4":{"loc":{"start":{"line":44,"column":2},"end":{"line":44,"column":18}},"type":"default-arg","locations":[{"start":{"line":44,"column":16},"end":{"line":44,"column":18}}],"line":44},"5":{"loc":{"start":{"line":45,"column":2},"end":{"line":45,"column":21}},"type":"default-arg","locations":[{"start":{"line":45,"column":16},"end":{"line":45,"column":21}}],"line":45},"6":{"loc":{"start":{"line":48,"column":2},"end":{"line":48,"column":32}},"type":"default-arg","locations":[{"start":{"line":48,"column":27},"end":{"line":48,"column":32}}],"line":48},"7":{"loc":{"start":{"line":49,"column":2},"end":{"line":49,"column":22}},"type":"default-arg","locations":[{"start":{"line":49,"column":17},"end":{"line":49,"column":22}}],"line":49},"8":{"loc":{"start":{"line":50,"column":2},"end":{"line":50,"column":36}},"type":"default-arg","locations":[{"start":{"line":50,"column":31},"end":{"line":50,"column":36}}],"line":50},"9":{"loc":{"start":{"line":107,"column":15},"end":{"line":111,"column":15}},"type":"binary-expr","locations":[{"start":{"line":107,"column":15},"end":{"line":107,"column":28}},{"start":{"line":108,"column":16},"end":{"line":110,"column":29}}],"line":107},"10":{"loc":{"start":{"line":113,"column":15},"end":{"line":134,"column":15}},"type":"cond-expr","locations":[{"start":{"line":114,"column":16},"end":{"line":116,"column":29}},{"start":{"line":118,"column":16},"end":{"line":133,"column":22}}],"line":113},"11":{"loc":{"start":{"line":129,"column":42},"end":{"line":129,"column":83}},"type":"cond-expr","locations":[{"start":{"line":129,"column":58},"end":{"line":129,"column":78}},{"start":{"line":129,"column":81},"end":{"line":129,"column":83}}],"line":129},"12":{"loc":{"start":{"line":130,"column":23},"end":{"line":130,"column":56}},"type":"cond-expr","locations":[{"start":{"line":130,"column":35},"end":{"line":130,"column":51}},{"start":{"line":130,"column":54},"end":{"line":130,"column":56}}],"line":130},"13":{"loc":{"start":{"line":147,"column":15},"end":{"line":151,"column":15}},"type":"cond-expr","locations":[{"start":{"line":148,"column":16},"end":{"line":148,"column":62}},{"start":{"line":150,"column":16},"end":{"line":150,"column":84}}],"line":147},"14":{"loc":{"start":{"line":155,"column":11},"end":{"line":220,"column":11}},"type":"cond-expr","locations":[{"start":{"line":156,"column":2},"end":{"line":168,"column":8}},{"start":{"line":169,"column":4},"end":{"line":220,"column":11}}],"line":155},"15":{"loc":{"start":{"line":169,"column":4},"end":{"line":220,"column":11}},"type":"cond-expr","locations":[{"start":{"line":170,"column":2},"end":{"line":172,"column":15}},{"start":{"line":174,"column":12},"end":{"line":219,"column":14}}],"line":169},"16":{"loc":{"start":{"line":169,"column":4},"end":{"line":169,"column":68}},"type":"binary-expr","locations":[{"start":{"line":169,"column":4},"end":{"line":169,"column":30}},{"start":{"line":169,"column":34},"end":{"line":169,"column":68}}],"line":169},"17":{"loc":{"start":{"line":179,"column":21},"end":{"line":179,"column":122}},"type":"binary-expr","locations":[{"start":{"line":179,"column":21},"end":{"line":179,"column":61}},{"start":{"line":179,"column":65},"end":{"line":179,"column":122}}],"line":179},"18":{"loc":{"start":{"line":183,"column":19},"end":{"line":187,"column":19}},"type":"binary-expr","locations":[{"start":{"line":183,"column":19},"end":{"line":183,"column":36}},{"start":{"line":184,"column":20},"end":{"line":186,"column":33}}],"line":183},"19":{"loc":{"start":{"line":190,"column":19},"end":{"line":202,"column":19}},"type":"binary-expr","locations":[{"start":{"line":190,"column":19},"end":{"line":190,"column":28}},{"start":{"line":191,"column":20},"end":{"line":201,"column":33}}],"line":190},"20":{"loc":{"start":{"line":205,"column":19},"end":{"line":209,"column":19}},"type":"binary-expr","locations":[{"start":{"line":205,"column":19},"end":{"line":205,"column":39}},{"start":{"line":206,"column":20},"end":{"line":208,"column":33}}],"line":205},"21":{"loc":{"start":{"line":212,"column":19},"end":{"line":216,"column":19}},"type":"binary-expr","locations":[{"start":{"line":212,"column":19},"end":{"line":212,"column":30}},{"start":{"line":213,"column":20},"end":{"line":215,"column":33}}],"line":212}},"s":{"0":0,"1":0,"2":0,"3":0,"4":0,"5":0,"6":0,"7":0,"8":0,"9":0},"f":{"0":0,"1":0,"2":0,"3":0,"4":0},"b":{"0":[0,0],"1":[0],"2":[0],"3":[0],"4":[0],"5":[0],"6":[0],"7":[0],"8":[0],"9":[0,0],"10":[0,0],"11":[0,0],"12":[0,0],"13":[0,0],"14":[0,0],"15":[0,0],"16":[0,0],"17":[0,0],"18":[0,0],"19":[0,0],"20":[0,0],"21":[0,0]}}
,"C:\\Users\\PhilW\\Documents\\Cursor Projects\\Planorama\\frontend\\react\\src\\components\\common\\WeatherWidget.jsx": {"path":"C:\\Users\\PhilW\\Documents\\Cursor Projects\\Planorama\\frontend\\react\\src\\components\\common\\WeatherWidget.jsx","statementMap":{"0":{"start":{"line":15,"column":22},"end":{"line":167,"column":1}},"1":{"start":{"line":16,"column":16},"end":{"line":16,"column":32}},"2":{"start":{"line":17,"column":40},"end":{"line":17,"column":54}},"3":{"start":{"line":18,"column":32},"end":{"line":18,"column":46}},"4":{"start":{"line":20,"column":2},"end":{"line":49,"column":37}},"5":{"start":{"line":21,"column":4},"end":{"line":25,"column":5}},"6":{"start":{"line":22,"column":6},"end":{"line":22,"column":27}},"7":{"start":{"line":23,"column":6},"end":{"line":23,"column":24}},"8":{"start":{"line":24,"column":6},"end":{"line":24,"column":13}},"9":{"start":{"line":27,"column":25},"end":{"line":46,"column":5}},"10":{"start":{"line":28,"column":6},"end":{"line":28,"column":23}},"11":{"start":{"line":29,"column":6},"end":{"line":45,"column":7}},"12":{"start":{"line":31,"column":8},"end":{"line":38,"column":9}},"13":{"start":{"line":32,"column":10},"end":{"line":32,"column":52}},"14":{"start":{"line":34,"column":27},"end":{"line":36,"column":12}},"15":{"start":{"line":37,"column":10},"end":{"line":37,"column":31}},"16":{"start":{"line":39,"column":8},"end":{"line":39,"column":29}},"17":{"start":{"line":41,"column":8},"end":{"line":41,"column":57}},"18":{"start":{"line":42,"column":8},"end":{"line":42,"column":29}},"19":{"start":{"line":44,"column":8},"end":{"line":44,"column":26}},"20":{"start":{"line":48,"column":4},"end":{"line":48,"column":19}},"21":{"start":{"line":51,"column":2},"end":{"line":57,"column":3}},"22":{"start":{"line":52,"column":4},"end":{"line":56,"column":6}},"23":{"start":{"line":59,"column":2},"end":{"line":65,"column":3}},"24":{"start":{"line":60,"column":4},"end":{"line":64,"column":6}},"25":{"start":{"line":67,"column":39},"end":{"line":67,"column":50}},"26":{"start":{"line":69,"column":2},"end":{"line":166,"column":4}},"27":{"start":{"line":126,"column":4},"end":{"line":162,"column":10}}},"fnMap":{"0":{"name":"(anonymous_0)","decl":{"start":{"line":15,"column":22},"end":{"line":15,"column":23}},"loc":{"start":{"line":15,"column":60},"end":{"line":167,"column":1}},"line":15},"1":{"name":"(anonymous_1)","decl":{"start":{"line":20,"column":12},"end":{"line":20,"column":13}},"loc":{"start":{"line":20,"column":18},"end":{"line":49,"column":3}},"line":20},"2":{"name":"(anonymous_2)","decl":{"start":{"line":27,"column":25},"end":{"line":27,"column":26}},"loc":{"start":{"line":27,"column":37},"end":{"line":46,"column":5}},"line":27},"3":{"name":"(anonymous_3)","decl":{"start":{"line":125,"column":28},"end":{"line":125,"column":29}},"loc":{"start":{"line":126,"column":4},"end":{"line":162,"column":10}},"line":126}},"branchMap":{"0":{"loc":{"start":{"line":21,"column":4},"end":{"line":25,"column":5}},"type":"if","locations":[{"start":{"line":21,"column":4},"end":{"line":25,"column":5}},{"start":{},"end":{}}],"line":21},"1":{"loc":{"start":{"line":21,"column":8},"end":{"line":21,"column":20}},"type":"binary-expr","locations":[{"start":{"line":21,"column":8},"end":{"line":21,"column":12}},{"start":{"line":21,"column":16},"end":{"line":21,"column":20}}],"line":21},"2":{"loc":{"start":{"line":31,"column":8},"end":{"line":38,"column":9}},"type":"if","locations":[{"start":{"line":31,"column":8},"end":{"line":38,"column":9}},{"start":{"line":33,"column":15},"end":{"line":38,"column":9}}],"line":31},"3":{"loc":{"start":{"line":51,"column":2},"end":{"line":57,"column":3}},"type":"if","locations":[{"start":{"line":51,"column":2},"end":{"line":57,"column":3}},{"start":{},"end":{}}],"line":51},"4":{"loc":{"start":{"line":59,"column":2},"end":{"line":65,"column":3}},"type":"if","locations":[{"start":{"line":59,"column":2},"end":{"line":65,"column":3}},{"start":{},"end":{}}],"line":59}},"s":{"0":0,"1":0,"2":0,"3":0,"4":0,"5":0,"6":0,"7":0,"8":0,"9":0,"10":0,"11":0,"12":0,"13":0,"14":0,"15":0,"16":0,"17":0,"18":0,"19":0,"20":0,"21":0,"22":0,"23":0,"24":0,"25":0,"26":0,"27":0},"f":{"0":0,"1":0,"2":0,"3":0},"b":{"0":[0,0],"1":[0,0],"2":[0,0],"3":[0,0],"4":[0,0]}}
,"C:\\Users\\PhilW\\Documents\\Cursor Projects\\Planorama\\frontend\\react\\src\\components\\trips\\AIMarkers.jsx": {"path":"C:\\Users\\PhilW\\Documents\\Cursor Projects\\Planorama\\frontend\\react\\src\\components\\trips\\AIMarkers.jsx","statementMap":{"0":{"start":{"line":7,"column":25},"end":{"line":22,"column":1}},"1":{"start":{"line":8,"column":2},"end":{"line":21,"column":4}},"2":{"start":{"line":11,"column":8},"end":{"line":13,"column":17}},"3":{"start":{"line":16,"column":8},"end":{"line":18,"column":17}}},"fnMap":{"0":{"name":"(anonymous_0)","decl":{"start":{"line":7,"column":25},"end":{"line":7,"column":26}},"loc":{"start":{"line":7,"column":68},"end":{"line":22,"column":1}},"line":7},"1":{"name":"(anonymous_1)","decl":{"start":{"line":10,"column":28},"end":{"line":10,"column":29}},"loc":{"start":{"line":11,"column":8},"end":{"line":13,"column":17}},"line":11},"2":{"name":"(anonymous_2)","decl":{"start":{"line":15,"column":27},"end":{"line":15,"column":28}},"loc":{"start":{"line":16,"column":8},"end":{"line":18,"column":17}},"line":16}},"branchMap":{},"s":{"0":0,"1":0,"2":0,"3":0},"f":{"0":0,"1":0,"2":0},"b":{}}
,"C:\\Users\\PhilW\\Documents\\Cursor Projects\\Planorama\\frontend\\react\\src\\components\\trips\\DeleteTripDialog.jsx": {"path":"C:\\Users\\PhilW\\Documents\\Cursor Projects\\Planorama\\frontend\\react\\src\\components\\trips\\DeleteTripDialog.jsx","statementMap":{"0":{"start":{"line":15,"column":32},"end":{"line":43,"column":1}},"1":{"start":{"line":16,"column":16},"end":{"line":16,"column":32}},"2":{"start":{"line":18,"column":2},"end":{"line":42,"column":4}}},"fnMap":{"0":{"name":"(anonymous_0)","decl":{"start":{"line":15,"column":32},"end":{"line":15,"column":33}},"loc":{"start":{"line":15,"column":75},"end":{"line":43,"column":1}},"line":15}},"branchMap":{"0":{"loc":{"start":{"line":38,"column":11},"end":{"line":38,"column":71}},"type":"cond-expr","locations":[{"start":{"line":38,"column":21},"end":{"line":38,"column":51}},{"start":{"line":38,"column":54},"end":{"line":38,"column":71}}],"line":38}},"s":{"0":0,"1":0,"2":0},"f":{"0":0},"b":{"0":[0,0]}}
,"C:\\Users\\PhilW\\Documents\\Cursor Projects\\Planorama\\frontend\\react\\src\\components\\trips\\MapLegend.jsx": {"path":"C:\\Users\\PhilW\\Documents\\Cursor Projects\\Planorama\\frontend\\react\\src\\components\\trips\\MapLegend.jsx","statementMap":{"0":{"start":{"line":6,"column":25},"end":{"line":55,"column":1}},"1":{"start":{"line":7,"column":16},"end":{"line":7,"column":32}},"2":{"start":{"line":9,"column":2},"end":{"line":54,"column":4}}},"fnMap":{"0":{"name":"(anonymous_0)","decl":{"start":{"line":6,"column":25},"end":{"line":6,"column":26}},"loc":{"start":{"line":6,"column":31},"end":{"line":55,"column":1}},"line":6}},"branchMap":{},"s":{"0":0,"1":0,"2":0},"f":{"0":0},"b":{}}
,"C:\\Users\\PhilW\\Documents\\Cursor Projects\\Planorama\\frontend\\react\\src\\components\\trips\\RoutePolylines.jsx": {"path":"C:\\Users\\PhilW\\Documents\\Cursor Projects\\Planorama\\frontend\\react\\src\\components\\trips\\RoutePolylines.jsx","statementMap":{"0":{"start":{"line":6,"column":30},"end":{"line":23,"column":1}},"1":{"start":{"line":7,"column":2},"end":{"line":22,"column":4}},"2":{"start":{"line":10,"column":8},"end":{"line":19,"column":16}},"3":{"start":{"line":17,"column":42},"end":{"line":17,"column":96}}},"fnMap":{"0":{"name":"(anonymous_0)","decl":{"start":{"line":6,"column":30},"end":{"line":6,"column":31}},"loc":{"start":{"line":6,"column":73},"end":{"line":23,"column":1}},"line":6},"1":{"name":"(anonymous_1)","decl":{"start":{"line":9,"column":19},"end":{"line":9,"column":20}},"loc":{"start":{"line":10,"column":8},"end":{"line":19,"column":16}},"line":10},"2":{"name":"(anonymous_2)","decl":{"start":{"line":17,"column":36},"end":{"line":17,"column":37}},"loc":{"start":{"line":17,"column":42},"end":{"line":17,"column":96}},"line":17}},"branchMap":{"0":{"loc":{"start":{"line":10,"column":8},"end":{"line":19,"column":16}},"type":"cond-expr","locations":[{"start":{"line":11,"column":10},"end":{"line":18,"column":12}},{"start":{"line":19,"column":12},"end":{"line":19,"column":16}}],"line":10}},"s":{"0":0,"1":0,"2":0,"3":0},"f":{"0":0,"1":0,"2":0},"b":{"0":[0,0]}}
,"C:\\Users\\PhilW\\Documents\\Cursor Projects\\Planorama\\frontend\\react\\src\\components\\trips\\SetupPanes.jsx": {"path":"C:\\Users\\PhilW\\Documents\\Cursor Projects\\Planorama\\frontend\\react\\src\\components\\trips\\SetupPanes.jsx","statementMap":{"0":{"start":{"line":7,"column":26},"end":{"line":16,"column":1}},"1":{"start":{"line":8,"column":14},"end":{"line":8,"column":22}},"2":{"start":{"line":9,"column":2},"end":{"line":14,"column":12}},"3":{"start":{"line":10,"column":4},"end":{"line":10,"column":29}},"4":{"start":{"line":11,"column":4},"end":{"line":11,"column":45}},"5":{"start":{"line":12,"column":4},"end":{"line":12,"column":35}},"6":{"start":{"line":13,"column":4},"end":{"line":13,"column":51}},"7":{"start":{"line":15,"column":2},"end":{"line":15,"column":14}}},"fnMap":{"0":{"name":"(anonymous_0)","decl":{"start":{"line":7,"column":26},"end":{"line":7,"column":27}},"loc":{"start":{"line":7,"column":32},"end":{"line":16,"column":1}},"line":7},"1":{"name":"(anonymous_1)","decl":{"start":{"line":9,"column":12},"end":{"line":9,"column":13}},"loc":{"start":{"line":9,"column":18},"end":{"line":14,"column":3}},"line":9}},"branchMap":{},"s":{"0":0,"1":0,"2":0,"3":0,"4":0,"5":0,"6":0,"7":0},"f":{"0":0,"1":0},"b":{}}
,"C:\\Users\\PhilW\\Documents\\Cursor Projects\\Planorama\\frontend\\react\\src\\components\\trips\\StationList.jsx": {"path":"C:\\Users\\PhilW\\Documents\\Cursor Projects\\Planorama\\frontend\\react\\src\\components\\trips\\StationList.jsx","statementMap":{"0":{"start":{"line":8,"column":27},"end":{"line":51,"column":1}},"1":{"start":{"line":9,"column":16},"end":{"line":9,"column":32}},"2":{"start":{"line":11,"column":2},"end":{"line":13,"column":3}},"3":{"start":{"line":12,"column":4},"end":{"line":12,"column":89}},"4":{"start":{"line":15,"column":2},"end":{"line":50,"column":4}},"5":{"start":{"line":18,"column":28},"end":{"line":18,"column":59}},"6":{"start":{"line":19,"column":26},"end":{"line":19,"column":57}},"7":{"start":{"line":21,"column":8},"end":{"line":47,"column":10}},"8":{"start":{"line":30,"column":31},"end":{"line":30,"column":71}}},"fnMap":{"0":{"name":"(anonymous_0)","decl":{"start":{"line":8,"column":27},"end":{"line":8,"column":28}},"loc":{"start":{"line":8,"column":80},"end":{"line":51,"column":1}},"line":8},"1":{"name":"(anonymous_1)","decl":{"start":{"line":17,"column":20},"end":{"line":17,"column":21}},"loc":{"start":{"line":17,"column":33},"end":{"line":48,"column":7}},"line":17},"2":{"name":"(anonymous_2)","decl":{"start":{"line":30,"column":25},"end":{"line":30,"column":26}},"loc":{"start":{"line":30,"column":31},"end":{"line":30,"column":71}},"line":30}},"branchMap":{"0":{"loc":{"start":{"line":11,"column":2},"end":{"line":13,"column":3}},"type":"if","locations":[{"start":{"line":11,"column":2},"end":{"line":13,"column":3}},{"start":{},"end":{}}],"line":11},"1":{"loc":{"start":{"line":11,"column":6},"end":{"line":11,"column":40}},"type":"binary-expr","locations":[{"start":{"line":11,"column":6},"end":{"line":11,"column":15}},{"start":{"line":11,"column":19},"end":{"line":11,"column":40}}],"line":11},"2":{"loc":{"start":{"line":26,"column":17},"end":{"line":26,"column":83}},"type":"cond-expr","locations":[{"start":{"line":26,"column":37},"end":{"line":26,"column":60}},{"start":{"line":26,"column":63},"end":{"line":26,"column":83}}],"line":26}},"s":{"0":0,"1":0,"2":0,"3":0,"4":0,"5":0,"6":0,"7":0,"8":0},"f":{"0":0,"1":0,"2":0},"b":{"0":[0,0],"1":[0,0],"2":[0,0]}}
,"C:\\Users\\PhilW\\Documents\\Cursor Projects\\Planorama\\frontend\\react\\src\\components\\trips\\StationMarkers.jsx": {"path":"C:\\Users\\PhilW\\Documents\\Cursor Projects\\Planorama\\frontend\\react\\src\\components\\trips\\StationMarkers.jsx","statementMap":{"0":{"start":{"line":6,"column":30},"end":{"line":19,"column":1}},"1":{"start":{"line":7,"column":2},"end":{"line":18,"column":4}},"2":{"start":{"line":10,"column":8},"end":{"line":15,"column":10}},"3":{"start":{"line":14,"column":40},"end":{"line":14,"column":56}}},"fnMap":{"0":{"name":"(anonymous_0)","decl":{"start":{"line":6,"column":30},"end":{"line":6,"column":31}},"loc":{"start":{"line":6,"column":63},"end":{"line":19,"column":1}},"line":6},"1":{"name":"(anonymous_1)","decl":{"start":{"line":9,"column":20},"end":{"line":9,"column":21}},"loc":{"start":{"line":10,"column":8},"end":{"line":15,"column":10}},"line":10},"2":{"name":"(anonymous_2)","decl":{"start":{"line":14,"column":34},"end":{"line":14,"column":35}},"loc":{"start":{"line":14,"column":40},"end":{"line":14,"column":56}},"line":14}},"branchMap":{},"s":{"0":0,"1":0,"2":0,"3":0},"f":{"0":0,"1":0,"2":0},"b":{}}
,"C:\\Users\\PhilW\\Documents\\Cursor Projects\\Planorama\\frontend\\react\\src\\components\\trips\\TripCard.jsx": {"path":"C:\\Users\\PhilW\\Documents\\Cursor Projects\\Planorama\\frontend\\react\\src\\components\\trips\\TripCard.jsx","statementMap":{"0":{"start":{"line":17,"column":24},"end":{"line":156,"column":1}},"1":{"start":{"line":31,"column":16},"end":{"line":31,"column":32}},"2":{"start":{"line":33,"column":2},"end":{"line":155,"column":4}},"3":{"start":{"line":65,"column":27},"end":{"line":65,"column":78}},"4":{"start":{"line":80,"column":27},"end":{"line":80,"column":76}},"5":{"start":{"line":93,"column":25},"end":{"line":93,"column":46}},"6":{"start":{"line":120,"column":27},"end":{"line":120,"column":48}},"7":{"start":{"line":129,"column":27},"end":{"line":129,"column":53}},"8":{"start":{"line":138,"column":27},"end":{"line":138,"column":45}},"9":{"start":{"line":147,"column":27},"end":{"line":147,"column":50}}},"fnMap":{"0":{"name":"(anonymous_0)","decl":{"start":{"line":17,"column":24},"end":{"line":17,"column":25}},"loc":{"start":{"line":30,"column":6},"end":{"line":156,"column":1}},"line":30},"1":{"name":"(anonymous_1)","decl":{"start":{"line":65,"column":20},"end":{"line":65,"column":21}},"loc":{"start":{"line":65,"column":27},"end":{"line":65,"column":78}},"line":65},"2":{"name":"(anonymous_2)","decl":{"start":{"line":80,"column":20},"end":{"line":80,"column":21}},"loc":{"start":{"line":80,"column":27},"end":{"line":80,"column":76}},"line":80},"3":{"name":"(anonymous_3)","decl":{"start":{"line":93,"column":19},"end":{"line":93,"column":20}},"loc":{"start":{"line":93,"column":25},"end":{"line":93,"column":46}},"line":93},"4":{"name":"(anonymous_4)","decl":{"start":{"line":120,"column":21},"end":{"line":120,"column":22}},"loc":{"start":{"line":120,"column":27},"end":{"line":120,"column":48}},"line":120},"5":{"name":"(anonymous_5)","decl":{"start":{"line":129,"column":21},"end":{"line":129,"column":22}},"loc":{"start":{"line":129,"column":27},"end":{"line":129,"column":53}},"line":129},"6":{"name":"(anonymous_6)","decl":{"start":{"line":138,"column":21},"end":{"line":138,"column":22}},"loc":{"start":{"line":138,"column":27},"end":{"line":138,"column":45}},"line":138},"7":{"name":"(anonymous_7)","decl":{"start":{"line":147,"column":21},"end":{"line":147,"column":22}},"loc":{"start":{"line":147,"column":27},"end":{"line":147,"column":50}},"line":147}},"branchMap":{"0":{"loc":{"start":{"line":64,"column":17},"end":{"line":64,"column":57}},"type":"binary-expr","locations":[{"start":{"line":64,"column":17},"end":{"line":64,"column":51}},{"start":{"line":64,"column":55},"end":{"line":64,"column":57}}],"line":64},"1":{"loc":{"start":{"line":79,"column":17},"end":{"line":79,"column":55}},"type":"binary-expr","locations":[{"start":{"line":79,"column":17},"end":{"line":79,"column":49}},{"start":{"line":79,"column":53},"end":{"line":79,"column":55}}],"line":79},"2":{"loc":{"start":{"line":97,"column":11},"end":{"line":101,"column":11}},"type":"cond-expr","locations":[{"start":{"line":98,"column":12},"end":{"line":98,"column":58}},{"start":{"line":100,"column":12},"end":{"line":100,"column":29}}],"line":97}},"s":{"0":0,"1":0,"2":0,"3":0,"4":0,"5":0,"6":0,"7":0,"8":0,"9":0},"f":{"0":0,"1":0,"2":0,"3":0,"4":0,"5":0,"6":0,"7":0},"b":{"0":[0,0],"1":[0,0],"2":[0,0]}}
,"C:\\Users\\PhilW\\Documents\\Cursor Projects\\Planorama\\frontend\\react\\src\\context\\AuthContext.jsx": {"path":"C:\\Users\\PhilW\\Documents\\Cursor Projects\\Planorama\\frontend\\react\\src\\context\\AuthContext.jsx","statementMap":{"0":{"start":{"line":7,"column":27},"end":{"line":7,"column":42}},"1":{"start":{"line":10,"column":16},"end":{"line":10,"column":32}},"2":{"start":{"line":12,"column":48},"end":{"line":12,"column":63}},"3":{"start":{"line":13,"column":26},"end":{"line":13,"column":40}},"4":{"start":{"line":14,"column":32},"end":{"line":14,"column":46}},"5":{"start":{"line":15,"column":36},"end":{"line":15,"column":50}},"6":{"start":{"line":18,"column":2},"end":{"line":25,"column":9}},"7":{"start":{"line":19,"column":18},"end":{"line":19,"column":47}},"8":{"start":{"line":20,"column":4},"end":{"line":24,"column":5}},"9":{"start":{"line":21,"column":6},"end":{"line":21,"column":73}},"10":{"start":{"line":23,"column":6},"end":{"line":23,"column":60}},"11":{"start":{"line":27,"column":20},"end":{"line":64,"column":3}},"12":{"start":{"line":28,"column":18},"end":{"line":28,"column":47}},"13":{"start":{"line":29,"column":4},"end":{"line":32,"column":5}},"14":{"start":{"line":30,"column":4},"end":{"line":30,"column":22}},"15":{"start":{"line":31,"column":4},"end":{"line":31,"column":11}},"16":{"start":{"line":34,"column":4},"end":{"line":34,"column":21}},"17":{"start":{"line":35,"column":4},"end":{"line":63,"column":5}},"18":{"start":{"line":36,"column":18},"end":{"line":36,"column":63}},"19":{"start":{"line":37,"column":23},"end":{"line":37,"column":31}},"20":{"start":{"line":38,"column":6},"end":{"line":38,"column":24}},"21":{"start":{"line":39,"column":6},"end":{"line":39,"column":31}},"22":{"start":{"line":40,"column":6},"end":{"line":40,"column":25}},"23":{"start":{"line":43,"column":6},"end":{"line":45,"column":7}},"24":{"start":{"line":44,"column":8},"end":{"line":44,"column":58}},"25":{"start":{"line":48,"column":6},"end":{"line":58,"column":7}},"26":{"start":{"line":54,"column":8},"end":{"line":54,"column":49}},"27":{"start":{"line":56,"column":8},"end":{"line":56,"column":52}},"28":{"start":{"line":57,"column":8},"end":{"line":57,"column":57}},"29":{"start":{"line":59,"column":6},"end":{"line":59,"column":32}},"30":{"start":{"line":60,"column":6},"end":{"line":60,"column":20}},"31":{"start":{"line":62,"column":6},"end":{"line":62,"column":24}},"32":{"start":{"line":66,"column":16},"end":{"line":71,"column":3}},"33":{"start":{"line":67,"column":4},"end":{"line":67,"column":41}},"34":{"start":{"line":68,"column":4},"end":{"line":68,"column":71}},"35":{"start":{"line":69,"column":4},"end":{"line":69,"column":23}},"36":{"start":{"line":70,"column":4},"end":{"line":70,"column":22}},"37":{"start":{"line":73,"column":17},"end":{"line":80,"column":3}},"38":{"start":{"line":74,"column":4},"end":{"line":74,"column":37}},"39":{"start":{"line":75,"column":4},"end":{"line":75,"column":58}},"40":{"start":{"line":76,"column":4},"end":{"line":76,"column":30}},"41":{"start":{"line":77,"column":4},"end":{"line":77,"column":18}},"42":{"start":{"line":78,"column":4},"end":{"line":78,"column":31}},"43":{"start":{"line":83,"column":2},"end":{"line":85,"column":9}},"44":{"start":{"line":84,"column":4},"end":{"line":84,"column":16}},"45":{"start":{"line":87,"column":2},"end":{"line":101,"column":4}}},"fnMap":{"0":{"name":"AuthProvider","decl":{"start":{"line":9,"column":16},"end":{"line":9,"column":28}},"loc":{"start":{"line":9,"column":43},"end":{"line":102,"column":1}},"line":9},"1":{"name":"(anonymous_1)","decl":{"start":{"line":18,"column":12},"end":{"line":18,"column":13}},"loc":{"start":{"line":18,"column":18},"end":{"line":25,"column":3}},"line":18},"2":{"name":"(anonymous_2)","decl":{"start":{"line":27,"column":20},"end":{"line":27,"column":21}},"loc":{"start":{"line":27,"column":32},"end":{"line":64,"column":3}},"line":27},"3":{"name":"(anonymous_3)","decl":{"start":{"line":66,"column":16},"end":{"line":66,"column":17}},"loc":{"start":{"line":66,"column":33},"end":{"line":71,"column":3}},"line":66},"4":{"name":"(anonymous_4)","decl":{"start":{"line":73,"column":17},"end":{"line":73,"column":18}},"loc":{"start":{"line":73,"column":42},"end":{"line":80,"column":3}},"line":73},"5":{"name":"(anonymous_5)","decl":{"start":{"line":83,"column":12},"end":{"line":83,"column":13}},"loc":{"start":{"line":83,"column":18},"end":{"line":85,"column":3}},"line":83}},"branchMap":{"0":{"loc":{"start":{"line":20,"column":4},"end":{"line":24,"column":5}},"type":"if","locations":[{"start":{"line":20,"column":4},"end":{"line":24,"column":5}},{"start":{"line":22,"column":11},"end":{"line":24,"column":5}}],"line":20},"1":{"loc":{"start":{"line":29,"column":4},"end":{"line":32,"column":5}},"type":"if","locations":[{"start":{"line":29,"column":4},"end":{"line":32,"column":5}},{"start":{},"end":{}}],"line":29},"2":{"loc":{"start":{"line":43,"column":6},"end":{"line":45,"column":7}},"type":"if","locations":[{"start":{"line":43,"column":6},"end":{"line":45,"column":7}},{"start":{},"end":{}}],"line":43},"3":{"loc":{"start":{"line":43,"column":10},"end":{"line":43,"column":93}},"type":"binary-expr","locations":[{"start":{"line":43,"column":10},"end":{"line":43,"column":38}},{"start":{"line":43,"column":42},"end":{"line":43,"column":93}}],"line":43},"4":{"loc":{"start":{"line":48,"column":6},"end":{"line":58,"column":7}},"type":"if","locations":[{"start":{"line":48,"column":6},"end":{"line":58,"column":7}},{"start":{"line":55,"column":13},"end":{"line":58,"column":7}}],"line":48},"5":{"loc":{"start":{"line":49,"column":8},"end":{"line":52,"column":64}},"type":"binary-expr","locations":[{"start":{"line":49,"column":8},"end":{"line":49,"column":20}},{"start":{"line":50,"column":8},"end":{"line":50,"column":35}},{"start":{"line":51,"column":8},"end":{"line":51,"column":32}},{"start":{"line":52,"column":8},"end":{"line":52,"column":64}}],"line":49},"6":{"loc":{"start":{"line":73,"column":18},"end":{"line":73,"column":37}},"type":"default-arg","locations":[{"start":{"line":73,"column":33},"end":{"line":73,"column":37}}],"line":73}},"s":{"0":0,"1":0,"2":0,"3":0,"4":0,"5":0,"6":0,"7":0,"8":0,"9":0,"10":0,"11":0,"12":0,"13":0,"14":0,"15":0,"16":0,"17":0,"18":0,"19":0,"20":0,"21":0,"22":0,"23":0,"24":0,"25":0,"26":0,"27":0,"28":0,"29":0,"30":0,"31":0,"32":0,"33":0,"34":0,"35":0,"36":0,"37":0,"38":0,"39":0,"40":0,"41":0,"42":0,"43":0,"44":0,"45":0},"f":{"0":0,"1":0,"2":0,"3":0,"4":0,"5":0},"b":{"0":[0,0],"1":[0,0],"2":[0,0],"3":[0,0],"4":[0,0],"5":[0,0,0,0],"6":[0]}}
,"C:\\Users\\PhilW\\Documents\\Cursor Projects\\Planorama\\frontend\\react\\src\\hooks\\useAISuggestions.js": {"path":"C:\\Users\\PhilW\\Documents\\Cursor Projects\\Planorama\\frontend\\react\\src\\hooks\\useAISuggestions.js","statementMap":{"0":{"start":{"line":7,"column":32},"end":{"line":136,"column":1}},"1":{"start":{"line":8,"column":52},"end":{"line":8,"column":67}},"2":{"start":{"line":9,"column":54},"end":{"line":9,"column":69}},"3":{"start":{"line":10,"column":30},"end":{"line":10,"column":42}},"4":{"start":{"line":11,"column":54},"end":{"line":11,"column":66}},"5":{"start":{"line":12,"column":52},"end":{"line":12,"column":64}},"6":{"start":{"line":13,"column":21},"end":{"line":13,"column":31}},"7":{"start":{"line":15,"column":31},"end":{"line":69,"column":3}},"8":{"start":{"line":16,"column":4},"end":{"line":16,"column":32}},"9":{"start":{"line":16,"column":25},"end":{"line":16,"column":32}},"10":{"start":{"line":17,"column":16},"end":{"line":17,"column":58}},"11":{"start":{"line":18,"column":4},"end":{"line":39,"column":5}},"12":{"start":{"line":19,"column":21},"end":{"line":19,"column":44}},"13":{"start":{"line":20,"column":6},"end":{"line":29,"column":10}},"14":{"start":{"line":20,"column":27},"end":{"line":29,"column":7}},"15":{"start":{"line":30,"column":6},"end":{"line":37,"column":9}},"16":{"start":{"line":30,"column":37},"end":{"line":37,"column":7}},"17":{"start":{"line":32,"column":33},"end":{"line":36,"column":9}},"18":{"start":{"line":38,"column":6},"end":{"line":38,"column":13}},"19":{"start":{"line":41,"column":4},"end":{"line":41,"column":31}},"20":{"start":{"line":42,"column":19},"end":{"line":48,"column":6}},"21":{"start":{"line":49,"column":4},"end":{"line":49,"column":32}},"22":{"start":{"line":50,"column":4},"end":{"line":50,"column":37}},"23":{"start":{"line":51,"column":4},"end":{"line":60,"column":8}},"24":{"start":{"line":51,"column":25},"end":{"line":60,"column":5}},"25":{"start":{"line":61,"column":4},"end":{"line":68,"column":7}},"26":{"start":{"line":61,"column":35},"end":{"line":68,"column":5}},"27":{"start":{"line":63,"column":31},"end":{"line":67,"column":7}},"28":{"start":{"line":71,"column":40},"end":{"line":125,"column":3}},"29":{"start":{"line":72,"column":4},"end":{"line":72,"column":32}},"30":{"start":{"line":72,"column":25},"end":{"line":72,"column":32}},"31":{"start":{"line":73,"column":16},"end":{"line":73,"column":55}},"32":{"start":{"line":74,"column":4},"end":{"line":95,"column":5}},"33":{"start":{"line":75,"column":21},"end":{"line":75,"column":44}},"34":{"start":{"line":76,"column":6},"end":{"line":85,"column":10}},"35":{"start":{"line":76,"column":27},"end":{"line":85,"column":7}},"36":{"start":{"line":86,"column":6},"end":{"line":93,"column":9}},"37":{"start":{"line":86,"column":38},"end":{"line":93,"column":7}},"38":{"start":{"line":88,"column":33},"end":{"line":92,"column":9}},"39":{"start":{"line":94,"column":6},"end":{"line":94,"column":13}},"40":{"start":{"line":97,"column":4},"end":{"line":97,"column":32}},"41":{"start":{"line":98,"column":19},"end":{"line":104,"column":6}},"42":{"start":{"line":105,"column":4},"end":{"line":105,"column":33}},"43":{"start":{"line":106,"column":4},"end":{"line":106,"column":37}},"44":{"start":{"line":107,"column":4},"end":{"line":116,"column":8}},"45":{"start":{"line":107,"column":25},"end":{"line":116,"column":5}},"46":{"start":{"line":117,"column":4},"end":{"line":124,"column":7}},"47":{"start":{"line":117,"column":36},"end":{"line":124,"column":5}},"48":{"start":{"line":119,"column":31},"end":{"line":123,"column":7}},"49":{"start":{"line":127,"column":2},"end":{"line":135,"column":4}}},"fnMap":{"0":{"name":"(anonymous_0)","decl":{"start":{"line":7,"column":32},"end":{"line":7,"column":33}},"loc":{"start":{"line":7,"column":42},"end":{"line":136,"column":1}},"line":7},"1":{"name":"(anonymous_1)","decl":{"start":{"line":15,"column":31},"end":{"line":15,"column":32}},"loc":{"start":{"line":15,"column":80},"end":{"line":69,"column":3}},"line":15},"2":{"name":"(anonymous_2)","decl":{"start":{"line":20,"column":16},"end":{"line":20,"column":17}},"loc":{"start":{"line":20,"column":27},"end":{"line":29,"column":7}},"line":20},"3":{"name":"(anonymous_3)","decl":{"start":{"line":30,"column":27},"end":{"line":30,"column":28}},"loc":{"start":{"line":30,"column":37},"end":{"line":37,"column":7}},"line":30},"4":{"name":"(anonymous_4)","decl":{"start":{"line":32,"column":22},"end":{"line":32,"column":23}},"loc":{"start":{"line":32,"column":33},"end":{"line":36,"column":9}},"line":32},"5":{"name":"(anonymous_5)","decl":{"start":{"line":51,"column":14},"end":{"line":51,"column":15}},"loc":{"start":{"line":51,"column":25},"end":{"line":60,"column":5}},"line":51},"6":{"name":"(anonymous_6)","decl":{"start":{"line":61,"column":25},"end":{"line":61,"column":26}},"loc":{"start":{"line":61,"column":35},"end":{"line":68,"column":5}},"line":61},"7":{"name":"(anonymous_7)","decl":{"start":{"line":63,"column":20},"end":{"line":63,"column":21}},"loc":{"start":{"line":63,"column":31},"end":{"line":67,"column":7}},"line":63},"8":{"name":"(anonymous_8)","decl":{"start":{"line":71,"column":40},"end":{"line":71,"column":41}},"loc":{"start":{"line":71,"column":87},"end":{"line":125,"column":3}},"line":71},"9":{"name":"(anonymous_9)","decl":{"start":{"line":76,"column":16},"end":{"line":76,"column":17}},"loc":{"start":{"line":76,"column":27},"end":{"line":85,"column":7}},"line":76},"10":{"name":"(anonymous_10)","decl":{"start":{"line":86,"column":28},"end":{"line":86,"column":29}},"loc":{"start":{"line":86,"column":38},"end":{"line":93,"column":7}},"line":86},"11":{"name":"(anonymous_11)","decl":{"start":{"line":88,"column":22},"end":{"line":88,"column":23}},"loc":{"start":{"line":88,"column":33},"end":{"line":92,"column":9}},"line":88},"12":{"name":"(anonymous_12)","decl":{"start":{"line":107,"column":14},"end":{"line":107,"column":15}},"loc":{"start":{"line":107,"column":25},"end":{"line":116,"column":5}},"line":107},"13":{"name":"(anonymous_13)","decl":{"start":{"line":117,"column":26},"end":{"line":117,"column":27}},"loc":{"start":{"line":117,"column":36},"end":{"line":124,"column":5}},"line":117},"14":{"name":"(anonymous_14)","decl":{"start":{"line":119,"column":20},"end":{"line":119,"column":21}},"loc":{"start":{"line":119,"column":31},"end":{"line":123,"column":7}},"line":119}},"branchMap":{"0":{"loc":{"start":{"line":16,"column":4},"end":{"line":16,"column":32}},"type":"if","locations":[{"start":{"line":16,"column":4},"end":{"line":16,"column":32}},{"start":{},"end":{}}],"line":16},"1":{"loc":{"start":{"line":18,"column":4},"end":{"line":39,"column":5}},"type":"if","locations":[{"start":{"line":18,"column":4},"end":{"line":39,"column":5}},{"start":{},"end":{}}],"line":18},"2":{"loc":{"start":{"line":72,"column":4},"end":{"line":72,"column":32}},"type":"if","locations":[{"start":{"line":72,"column":4},"end":{"line":72,"column":32}},{"start":{},"end":{}}],"line":72},"3":{"loc":{"start":{"line":74,"column":4},"end":{"line":95,"column":5}},"type":"if","locations":[{"start":{"line":74,"column":4},"end":{"line":95,"column":5}},{"start":{},"end":{}}],"line":74}},"s":{"0":0,"1":0,"2":0,"3":0,"4":0,"5":0,"6":0,"7":0,"8":0,"9":0,"10":0,"11":0,"12":0,"13":0,"14":0,"15":0,"16":0,"17":0,"18":0,"19":0,"20":0,"21":0,"22":0,"23":0,"24":0,"25":0,"26":0,"27":0,"28":0,"29":0,"30":0,"31":0,"32":0,"33":0,"34":0,"35":0,"36":0,"37":0,"38":0,"39":0,"40":0,"41":0,"42":0,"43":0,"44":0,"45":0,"46":0,"47":0,"48":0,"49":0},"f":{"0":0,"1":0,"2":0,"3":0,"4":0,"5":0,"6":0,"7":0,"8":0,"9":0,"10":0,"11":0,"12":0,"13":0,"14":0},"b":{"0":[0,0],"1":[0,0],"2":[0,0],"3":[0,0]}}
,"C:\\Users\\PhilW\\Documents\\Cursor Projects\\Planorama\\frontend\\react\\src\\hooks\\useAuth.js": {"path":"C:\\Users\\PhilW\\Documents\\Cursor Projects\\Planorama\\frontend\\react\\src\\hooks\\useAuth.js","statementMap":{"0":{"start":{"line":7,"column":23},"end":{"line":40,"column":1}},"1":{"start":{"line":8,"column":32},"end":{"line":8,"column":47}},"2":{"start":{"line":9,"column":28},"end":{"line":9,"column":42}},"3":{"start":{"line":11,"column":16},"end":{"line":23,"column":3}},"4":{"start":{"line":12,"column":4},"end":{"line":12,"column":21}},"5":{"start":{"line":13,"column":4},"end":{"line":13,"column":19}},"6":{"start":{"line":14,"column":4},"end":{"line":22,"column":5}},"7":{"start":{"line":15,"column":20},"end":{"line":15,"column":51}},"8":{"start":{"line":16,"column":6},"end":{"line":16,"column":19}},"9":{"start":{"line":18,"column":6},"end":{"line":18,"column":46}},"10":{"start":{"line":19,"column":6},"end":{"line":19,"column":16}},"11":{"start":{"line":21,"column":6},"end":{"line":21,"column":24}},"12":{"start":{"line":25,"column":19},"end":{"line":37,"column":3}},"13":{"start":{"line":26,"column":4},"end":{"line":26,"column":21}},"14":{"start":{"line":27,"column":4},"end":{"line":27,"column":19}},"15":{"start":{"line":28,"column":4},"end":{"line":36,"column":5}},"16":{"start":{"line":29,"column":19},"end":{"line":29,"column":63}},"17":{"start":{"line":30,"column":6},"end":{"line":30,"column":18}},"18":{"start":{"line":32,"column":6},"end":{"line":32,"column":53}},"19":{"start":{"line":33,"column":6},"end":{"line":33,"column":16}},"20":{"start":{"line":35,"column":6},"end":{"line":35,"column":24}},"21":{"start":{"line":39,"column":2},"end":{"line":39,"column":45}}},"fnMap":{"0":{"name":"(anonymous_0)","decl":{"start":{"line":7,"column":23},"end":{"line":7,"column":24}},"loc":{"start":{"line":7,"column":29},"end":{"line":40,"column":1}},"line":7},"1":{"name":"(anonymous_1)","decl":{"start":{"line":11,"column":16},"end":{"line":11,"column":17}},"loc":{"start":{"line":11,"column":43},"end":{"line":23,"column":3}},"line":11},"2":{"name":"(anonymous_2)","decl":{"start":{"line":25,"column":19},"end":{"line":25,"column":20}},"loc":{"start":{"line":25,"column":56},"end":{"line":37,"column":3}},"line":25}},"branchMap":{"0":{"loc":{"start":{"line":18,"column":15},"end":{"line":18,"column":44}},"type":"binary-expr","locations":[{"start":{"line":18,"column":15},"end":{"line":18,"column":26}},{"start":{"line":18,"column":30},"end":{"line":18,"column":44}}],"line":18},"1":{"loc":{"start":{"line":32,"column":15},"end":{"line":32,"column":51}},"type":"binary-expr","locations":[{"start":{"line":32,"column":15},"end":{"line":32,"column":26}},{"start":{"line":32,"column":30},"end":{"line":32,"column":51}}],"line":32}},"s":{"0":0,"1":0,"2":0,"3":0,"4":0,"5":0,"6":0,"7":0,"8":0,"9":0,"10":0,"11":0,"12":0,"13":0,"14":0,"15":0,"16":0,"17":0,"18":0,"19":0,"20":0,"21":0},"f":{"0":0,"1":0,"2":0},"b":{"0":[0,0],"1":[0,0]}}
,"C:\\Users\\PhilW\\Documents\\Cursor Projects\\Planorama\\frontend\\react\\src\\hooks\\useRouteData.js": {"path":"C:\\Users\\PhilW\\Documents\\Cursor Projects\\Planorama\\frontend\\react\\src\\hooks\\useRouteData.js","statementMap":{"0":{"start":{"line":8,"column":28},"end":{"line":49,"column":1}},"1":{"start":{"line":9,"column":38},"end":{"line":9,"column":50}},"2":{"start":{"line":11,"column":2},"end":{"line":46,"column":29}},"3":{"start":{"line":13,"column":6},"end":{"line":13,"column":54}},"4":{"start":{"line":13,"column":47},"end":{"line":13,"column":54}},"5":{"start":{"line":14,"column":22},"end":{"line":38,"column":7}},"6":{"start":{"line":16,"column":23},"end":{"line":16,"column":71}},"7":{"start":{"line":17,"column":21},"end":{"line":17,"column":67}},"8":{"start":{"line":18,"column":10},"end":{"line":18,"column":40}},"9":{"start":{"line":18,"column":28},"end":{"line":18,"column":40}},"10":{"start":{"line":19,"column":10},"end":{"line":36,"column":11}},"11":{"start":{"line":20,"column":25},"end":{"line":25,"column":14}},"12":{"start":{"line":26,"column":12},"end":{"line":26,"column":49}},"13":{"start":{"line":28,"column":12},"end":{"line":35,"column":14}},"14":{"start":{"line":39,"column":23},"end":{"line":39,"column":25}},"15":{"start":{"line":40,"column":6},"end":{"line":42,"column":9}},"16":{"start":{"line":41,"column":8},"end":{"line":41,"column":45}},"17":{"start":{"line":41,"column":15},"end":{"line":41,"column":45}},"18":{"start":{"line":43,"column":6},"end":{"line":43,"column":30}},"19":{"start":{"line":45,"column":4},"end":{"line":45,"column":21}},"20":{"start":{"line":48,"column":2},"end":{"line":48,"column":20}}},"fnMap":{"0":{"name":"(anonymous_0)","decl":{"start":{"line":8,"column":28},"end":{"line":8,"column":29}},"loc":{"start":{"line":8,"column":54},"end":{"line":49,"column":1}},"line":8},"1":{"name":"(anonymous_1)","decl":{"start":{"line":11,"column":12},"end":{"line":11,"column":13}},"loc":{"start":{"line":11,"column":18},"end":{"line":46,"column":3}},"line":11},"2":{"name":"fetchAllRoutes","decl":{"start":{"line":12,"column":19},"end":{"line":12,"column":33}},"loc":{"start":{"line":12,"column":36},"end":{"line":44,"column":5}},"line":12},"3":{"name":"(anonymous_3)","decl":{"start":{"line":15,"column":20},"end":{"line":15,"column":21}},"loc":{"start":{"line":15,"column":38},"end":{"line":37,"column":9}},"line":15},"4":{"name":"(anonymous_4)","decl":{"start":{"line":40,"column":22},"end":{"line":40,"column":23}},"loc":{"start":{"line":40,"column":29},"end":{"line":42,"column":7}},"line":40}},"branchMap":{"0":{"loc":{"start":{"line":13,"column":6},"end":{"line":13,"column":54}},"type":"if","locations":[{"start":{"line":13,"column":6},"end":{"line":13,"column":54}},{"start":{},"end":{}}],"line":13},"1":{"loc":{"start":{"line":13,"column":10},"end":{"line":13,"column":45}},"type":"binary-expr","locations":[{"start":{"line":13,"column":10},"end":{"line":13,"column":25}},{"start":{"line":13,"column":29},"end":{"line":13,"column":45}}],"line":13},"2":{"loc":{"start":{"line":18,"column":10},"end":{"line":18,"column":40}},"type":"if","locations":[{"start":{"line":18,"column":10},"end":{"line":18,"column":40}},{"start":{},"end":{}}],"line":18},"3"
[...]
,"C:\\Users\\PhilW\\Documents\\Cursor Projects\\Planorama\\frontend\\react\\src\\pages\\TripsPage.jsx": {"path":"C:\\Users\\PhilW\\Documents\\Cursor Projects\\Planorama\\frontend\\react\\src\\pages\\TripsPage.jsx","statementMap":{"0":{"start":{"line":12,"column":22},"end":{"line":12,"column":38}},"1":{"start":{"line":13,"column":19},"end":{"line":13,"column":32}},"2":{"start":{"line":26,"column":6},"end":{"line":26,"column":26}},"3":{"start":{"line":28,"column":50},"end":{"line":28,"column":65}},"4":{"start":{"line":29,"column":42},"end":{"line":29,"column":56}},"5":{"start":{"line":30,"column":44},"end":{"line":30,"column":59}},"6":{"start":{"line":32,"column":27},"end":{"line":35,"column":3}},"7":{"start":{"line":33,"column":4},"end":{"line":33,"column":26}},"8":{"start":{"line":34,"column":4},"end":{"line":34,"column":30}},"9":{"start":{"line":37,"column":28},"end":{"line":40,"column":3}},"10":{"start":{"line":38,"column":4},"end":{"line":38,"column":31}},"11":{"start":{"line":39,"column":4},"end":{"line":39,"column":26}},"12":{"start":{"line":42,"column":30},"end":{"line":54,"column":3}},"13":{"start":{"line":43,"column":4},"end":{"line":43,"column":30}},"14":{"start":{"line":43,"column":23},"end":{"line":43,"column":30}},"15":{"start":{"line":44,"column":4},"end":{"line":44,"column":27}},"16":{"start":{"line":46,"column":4},"end":{"line":53,"column":5}},"17":{"start":{"line":47,"column":6},"end":{"line":47,"column":46}},"18":{"start":{"line":48,"column":6},"end":{"line":48,"column":26}},"19":{"start":{"line":50,"column":6},"end":{"line":50,"column":67}},"20":{"start":{"line":52,"column":6},"end":{"line":52,"column":30}},"21":{"start":{"line":56,"column":36},"end":{"line":62,"column":3}},"22":{"start":{"line":57,"column":4},"end":{"line":61,"column":5}},"23":{"start":{"line":58,"column":6},"end":{"line":58,"column":37}},"24":{"start":{"line":60,"column":6},"end":{"line":60,"column":67}},"25":{"start":{"line":64,"column":39},"end":{"line":70,"column":3}},"26":{"start":{"line":65,"column":4},"end":{"line":69,"column":5}},"27":{"start":{"line":66,"column":6},"end":{"line":66,"column":48}},"28":{"start":{"line":68,"column":6},"end":{"line":68,"column":39}},"29":{"start":{"line":72,"column":2},"end":{"line":101,"column":3}},"30":{"start":{"line":73,"column":4},"end":{"line":100,"column":6}},"31":{"start":{"line":103,"column":2},"end":{"line":190,"column":4}},"32":{"start":{"line":162,"column":16},"end":{"line":176,"column":18}},"33":{"start":{"line":171,"column":44},"end":{"line":171,"column":76}},"34":{"start":{"line":172,"column":49},"end":{"line":172,"column":85}},"35":{"start":{"line":174,"column":46},"end":{"line":174,"column":90}}},"fnMap":{"0":{"name":"TripsPage","decl":{"start":{"line":11,"column":24},"end":{"line":11,"column":33}},"loc":{"start":{"line":11,"column":36},"end":{"line":191,"column":1}},"line":11},"1":{"name":"(anonymous_1)","decl":{"start":{"line":32,"column":27},"end":{"line":32,"column":28}},"loc":{"start":{"line":32,"column":37},"end":{"line":35,"column":3}},"line":32},"2":{"name":"(anonymous_2)","decl":{"start":{"line":37,"column":28},"end":{"line":37,"column":29}},"loc":{"start":{"line":37,"column":34},"end":{"line":40,"column":3}},"line":37},"3":{"name":"(anonymous_3)","decl":{"start":{"line":42,"column":30},"end":{"line":42,"column":31}},"loc":{"start":{"line":42,"column":42},"end":{"line":54,"column":3}},"line":42},"4":{"name":"(anonymous_4)","decl":{"start":{"line":56,"column":36},"end":{"line":56,"column":37}},"loc":{"start":{"line":56,"column":54},"end":{"line":62,"column":3}},"line":56},"5":{"name":"(anonymous_5)","decl":{"start":{"line":64,"column":39},"end":{"line":64,"column":40}},"loc":{"start":{"line":64,"column":65},"end":{"line":70,"column":3}},"line":64},"6":{"name":"(anonymous_6)","decl":{"start":{"line":161,"column":25},"end":{"line":161,"column":26}},"loc":{"start":{"line":162,"column":16},"end":{"line":176,"column":18}},"line":162},"7":{"name":"(anonymous_7)","decl":{"start":{"line":171,"column":32},"end":{"line":171,"column":33}},"loc":{"start":{"line":171,"column":44},"end":{"line":171,"column":76}},"line":171},"8":{"name":"(anonymous_8)","decl":{"start":{"line":172,"column":37},"end":{"line":172,"column":38}},"loc":{"start":{"line":172,"column":49},"end":{"line":172,"column":85}},"line":172},"9":{"name":"(anonymous_9)","decl":{"start":{"line":174,"column":34},"end":{"line":174,"column":35}},"loc":{"start":{"line":174,"column":46},"end":{"line":174,"column":90}},"line":174}},"branchMap":{"0":{"loc":{"start":{"line":43,"column":4},"end":{"line":43,"column":30}},"type":"if","locations":[{"start":{"line":43,"column":4},"end":{"line":43,"column":30}},{"start":{},"end":{}}],"line":43},"1":{"loc":{"start":{"line":50,"column":12},"end":{"line":50,"column":65}},"type":"binary-expr","locations":[{"start":{"line":50,"column":12},"end":{"line":50,"column":38}},{"start":{"line":50,"column":42},"end":{"line":50,"column":65}}],"line":50},"2":{"loc":{"start":{"line":60,"column":12},"end":{"line":60,"column":65}},"type":"binary-expr","locations":[{"start":{"line":60,"column":12},"end":{"line":60,"column":38}},{"start":{"line":60,"column":42},"end":{"line":60,"column":65}}],"line":60},"3":{"loc":{"start":{"line":72,"column":2},"end":{"line":101,"column":3}},"type":"if","locations":[{"start":{"line":72,"column":2},"end":{"line":101,"column":3}},{"start":{},"end":{}}],"line":72},"4":{"loc":{"start":{"line":146,"column":11},"end":{"line":150,"column":11}},"type":"binary-expr","locations":[{"start":{"line":146,"column":11},"end":{"line":146,"column":16}},{"start":{"line":147,"column":12},"end":{"line":149,"column":25}}],"line":146},"5":{"loc":{"start":{"line":152,"column":11},"end":{"line":179,"column":11}},"type":"cond-expr","locations":[{"start":{"line":153,"column":12},"end":{"line":158,"column":25}},{"start":{"line":160,"column":12},"end":{"line":178,"column":18}}],"line":152},"6":{"loc":{"start":{"line":169,"column":28},"end":{"line":169,"column":57}},"type":"binary-expr","locations":[{"start":{"line":169,"column":28},"end":{"line":169,"column":51}},{"start":{"line":169,"column":55},"end":{"line":169,"column":57}}],"line":169}},"s":{"0":0,"1":0,"2":0,"3":0,"4":0,"5":0,"6":0,"7":0,"8":0,"9":0,"10":0,"11":0,"12":0,"13":0,"14":0,"15":0,"16":0,"17":0,"18":0,"19":0,"20":0,"21":0,"22":0,"23":0,"24":0,"25":0,"26":0,"27":0,"28":0,"29":0,"30":0,"31":0,"32":0,"33":0,"34":0,"35":0},"f":{"0":0,"1":0,"2":0,"3":0,"4":0,"5":0,"6":0,"7":0,"8":0,"9":0},"b":{"0":[0,0],"1":[0,0],"2":[0,0],"3":[0,0],"4":[0,0],"5":[0,0],"6":[0,0]}}
,"C:\\Users\\PhilW\\Documents\\Cursor Projects\\Planorama\\frontend\\react\\src\\utils\\countryUtils.js": {"path":"C:\\Users\\PhilW\\Documents\\Cursor Projects\\Planorama\\frontend\\react\\src\\utils\\countryUtils.js","statementMap":{"0":{"start":{"line":4,"column":0},"end":{"line":4,"column":35}},"1":{"start":{"line":9,"column":34},"end":{"line":14,"column":1}},"2":{"start":{"line":10,"column":2},"end":{"line":10,"column":30}},"3":{"start":{"line":10,"column":20},"end":{"line":10,"column":30}},"4":{"start":{"line":11,"column":2},"end":{"line":13,"column":79}},"5":{"start":{"line":13,"column":29},"end":{"line":13,"column":77}},"6":{"start":{"line":19,"column":30},"end":{"line":21,"column":1}},"7":{"start":{"line":20,"column":2},"end":{"line":20,"column":60}}},"fnMap":{"0":{"name":"(anonymous_0)","decl":{"start":{"line":9,"column":34},"end":{"line":9,"column":35}},"loc":{"start":{"line":9,"column":51},"end":{"line":14,"column":1}},"line":9},"1":{"name":"(anonymous_1)","decl":{"start":{"line":13,"column":19},"end":{"line":13,"column":20}},"loc":{"start":{"line":13,"column":29},"end":{"line":13,"column":77}},"line":13},"2":{"name":"(anonymous_2)","decl":{"start":{"line":19,"column":30},"end":{"line":19,"column":31}},"loc":{"start":{"line":19,"column":47},"end":{"line":21,"column":1}},"line":19}},"branchMap":{"0":{"loc":{"start":{"line":10,"column":2},"end":{"line":10,"column":30}},"type":"if","locations":[{"start":{"line":10,"column":2},"end":{"line":10,"column":30}},{"start":{},"end":{}}],"line":10},"1":{"loc":{"start":{"line":20,"column":9},"end":{"line":20,"column":59}},"type":"binary-expr","locations":[{"start":{"line":20,"column":9},"end":{"line":20,"column":51}},{"start":{"line":20,"column":55},"end":{"line":20,"column":59}}],"line":20}},"s":{"0":0,"1":0,"2":0,"3":0,"4":0,"5":0,"6":0,"7":0},"f":{"0":0,"1":0,"2":0},"b":{"0":[0,0],"1":[0,0]}}
,"C:\\Users\\PhilW\\Documents\\Cursor Projects\\Planorama\\frontend\\react\\src\\utils\\dateUtils.js": {"path":"C:\\Users\\PhilW\\Documents\\Cursor Projects\\Planorama\\frontend\\react\\src\\utils\\dateUtils.js","statementMap":{"0":{"start":{"line":6,"column":32},"end":{"line":19,"column":1}},"1":{"start":{"line":7,"column":2},"end":{"line":7,"column":23}},"2":{"start":{"line":7,"column":13},"end":{"line":7,"column":23}},"3":{"start":{"line":9,"column":16},"end":{"line":9,"column":38}},"4":{"start":{"line":10,"column":14},"end":{"line":10,"column":34}},"5":{"start":{"line":11,"column":20},"end":{"line":11,"column":46}},"6":{"start":{"line":13,"column":23},"end":{"line":13,"column":65}},"7":{"start":{"line":13,"column":51},"end":{"line":13,"column":63}},"8":{"start":{"line":14,"column":20},"end":{"line":14,"column":22}},"9":{"start":{"line":15,"column":2},"end":{"line":17,"column":3}},"10":{"start":{"line":15,"column":17},"end":{"line":15,"column":18}},"11":{"start":{"line":16,"column":4},"end":{"line":16,"column":52}},"12":{"start":{"line":16,"column":32},"end":{"line":16,"column":52}},"13":{"start":{"line":18,"column":2},"end":{"line":18,"column":19}},"14":{"start":{"line":24,"column":27},"end":{"line":33,"column":1}},"15":{"start":{"line":25,"column":2},"end":{"line":25,"column":23}},"16":{"start":{"line":25,"column":13},"end":{"line":25,"column":23}},"17":{"start":{"line":26,"column":16},"end":{"line":26,"column":38}},"18":{"start":{"line":27,"column":14},"end":{"line":27,"column":34}},"19":{"start":{"line":28,"column":15},"end":{"line":28,"column":17}},"20":{"start":{"line":29,"column":2},"end":{"line":31,"column":3}},"21":{"start":{"line":29,"column":15},"end":{"line":29,"column":16}},"22":{"start":{"line":30,"column":4},"end":{"line":30,"column":17}},"23":{"start":{"line":32,"column":2},"end":{"line":32,"column":14}},"24":{"start":{"line":38,"column":29},"end":{"line":45,"column":1}},"25":{"start":{"line":39,"column":15},"end":{"line":39,"column":24}},"26":{"start":{"line":40,"column":2},"end":{"line":43,"column":3}},"27":{"start":{"line":41,"column":4},"end":{"line":41,"column":35}},"28":{"start":{"line":41,"column":23},"end":{"line":41,"column":35}},"29":{"start":{"line":42,"column":4},"end":{"line":42,"column":18}},"30":{"start":{"line":44,"column":2},"end":{"line":44,"column":15}}},"fnMap":{"0":{"name":"(anonymous_0)","decl":{"start":{"line":6,"column":32},"end":{"line":6,"column":33}},"loc":{"start":{"line":6,"column":52},"end":{"line":19,"column":1}},"line":6},"1":{"name":"(anonymous_1)","decl":{"start":{"line":13,"column":44},"end":{"line":13,"column":45}},"loc":{"start":{"line":13,"column":51},"end":{"line":13,"column":63}},"line":13},"2":{"name":"(anonymous_2)","decl":{"start":{"line":24,"column":27},"end":{"line":24,"column":28}},"loc":{"start":{"line":24,"column":37},"end":{"line":33,"column":1}},"line":24},"3":{"name":"(anonymous_3)","decl":{"start":{"line":38,"column":29},"end":{"line":38,"column":30}},"loc":{"start":{"line":38,"column":41},"end":{"line":45,"column":1}},"line":38}},"branchMap":{"0":{"loc":{"start":{"line":7,"column":2},"end":{"line":7,"column":23}},"type":"if","locations":[{"start":{"line":7,"column":2},"end":{"line":7,"column":23}},{"start":{},"end":{}}],"line":7},"1":{"loc":{"start":{"line":16,"column":4},"end":{"line":16,"column":52}},"type":"if","locations":[{"start":{"line":16,"column":4},"end":{"line":16,"column":52}},{"start":{},"end":{}}],"line":16},"2":{"loc":{"start":{"line":25,"column":2},"end":{"line":25,"column":23}},"type":"if","locations":[{"start":{"line":25,"column":2},"end":{"line":25,"column":23}},{"start":{},"end":{}}],"line":25},"3":{"loc":{"start":{"line":41,"column":4},"end":{"line":41,"column":35}},"type":"if","locations":[{"start":{"line":41,"column":4},"end":{"line":41,"column":35}},{"start":{},"end":{}}],"line":41}},"s":{"0":0,"1":0,"2":0,"3":0,"4":0,"5":0,"6":0,"7":0,"8":0,"9":0,"10":0,"11":0,"12":0,"13":0,"14":0,"15":0,"16":0,"17":0,"18":0,"19":0,"20":0,"21":0,"22":0,"23":0,"24":0,"25":0,"26":0,"27":0,"28":0,"29":0,"30":0},"f":{"0":0,"1":0,"2":0,"3":0},"b":{"0":[0,0],"1":[0,0],"2":[0,0],"3":[0,0]}}
,"C:\\Users\\PhilW\\Documents\\Cursor Projects\\Planorama\\frontend\\react\\src\\utils\\leafletIcons.js": {"path":"C:\\Users\\PhilW\\Documents\\Cursor Projects\\Planorama\\frontend\\react\\src\\utils\\leafletIcons.js","statementMap":{"0":{"start":{"line":5,"column":0},"end":{"line":5,"column":44}},"1":{"start":{"line":6,"column":0},"end":{"line":13,"column":3}},"2":{"start":{"line":15,"column":25},"end":{"line":25,"column":2}},"3":{"start":{"line":27,"column":23},"end":{"line":37,"column":2}}},"fnMap":{},"branchMap":{},"s":{"0":0,"1":0,"2":0,"3":0},"f":{},"b":{}}
,"C:\\Users\\PhilW\\Documents\\Cursor Projects\\Planorama\\frontend\\react\\src\\utils\\stationUtils.js": {"path":"C:\\Users\\PhilW\\Documents\\Cursor Projects\\Planorama\\frontend\\react\\src\\utils\\stationUtils.js","statementMap":{"0":{"start":{"line":4,"column":30},"end":{"line":6,"column":1}},"1":{"start":{"line":5,"column":2},"end":{"line":5,"column":43}},"2":{"start":{"line":5,"column":30},"end":{"line":5,"column":41}},"3":{"start":{"line":11,"column":30},"end":{"line":16,"column":1}},"4":{"start":{"line":12,"column":2},"end":{"line":12,"column":26}},"5":{"start":{"line":12,"column":16},"end":{"line":12,"column":26}},"6":{"start":{"line":13,"column":2},"end":{"line":15,"column":33}}},"fnMap":{"0":{"name":"(anonymous_0)","decl":{"start":{"line":4,"column":30},"end":{"line":4,"column":31}},"loc":{"start":{"line":4,"column":48},"end":{"line":6,"column":1}},"line":4},"1":{"name":"(anonymous_1)","decl":{"start":{"line":5,"column":23},"end":{"line":5,"column":24}},"loc":{"start":{"line":5,"column":30},"end":{"line":5,"column":41}},"line":5},"2":{"name":"(anonymous_2)","decl":{"start":{"line":11,"column":30},"end":{"line":11,"column":31}},"loc":{"start":{"line":11,"column":53},"end":{"line":16,"column":1}},"line":11}},"branchMap":{"0":{"loc":{"start":{"line":12,"column":2},"end":{"line":12,"column":26}},"type":"if","locations":[{"start":{"line":12,"column":2},"end":{"line":12,"column":26}},{"start":{},"end":{}}],"line":12},"1":{"loc":{"start":{"line":13,"column":9},"end":{"line":15,"column":32}},"type":"cond-expr","locations":[{"start":{"line":14,"column":6},"end":{"line":14,"column":29}},{"start":{"line":15,"column":6},"end":{"line":15,"column":32}}],"line":13},"2":{"loc":{"start":{"line":13,"column":9},"end":{"line":13,"column":61}},"type":"binary-expr","locations":[{"start":{"line":13,"column":9},"end":{"line":13,"column":34}},{"start":{"line":13,"column":38},"end":{"line":13,"column":61}}],"line":13},"3":{"loc":{"start":{"line":15,"column":6},"end":{"line":15,"column":32}},"type":"binary-expr","locations":[{"start":{"line":15,"column":6},"end":{"line":15,"column":26}},{"start":{"line":15,"column":30},"end":{"line":15,"column":32}}],"line":15}},"s":{"0":0,"1":0,"2":0,"3":0,"4":0,"5":0,"6":0},"f":{"0":0,"1":0,"2":0},"b":{"0":[0,0],"1":[0,0],"2":[0,0],"3":[0,0]}}
,"C:\\Users\\PhilW\\Documents\\Cursor Projects\\Planorama\\frontend\\react\\src\\utils\\validation.js": {"path":"C:\\Users\\PhilW\\Documents\\Cursor Projects\\Planorama\\frontend\\react\\src\\utils\\validation.js","statementMap":{"0":{"start":{"line":4,"column":29},"end":{"line":7,"column":1}},"1":{"start":{"line":5,"column":21},"end":{"line":5,"column":49}},"2":{"start":{"line":6,"column":2},"end":{"line":6,"column":32}},"3":{"start":{"line":13,"column":32},"end":{"line":20,"column":1}},"4":{"start":{"line":14,"column":2},"end":{"line":14,"column":70}},"5":{"start":{"line":14,"column":27},"end":{"line":14,"column":70}},"6":{"start":{"line":15,"column":2},"end":{"line":15,"column":77}},"7":{"start":{"line":15,"column":31},"end":{"line":15,"column":77}},"8":{"start":{"line":16,"column":2},"end":{"line":16,"column":77}},"9":{"start":{"line":16,"column":31},"end":{"line":16,"column":77}},"10":{"start":{"line":17,"column":2},"end":{"line":17,"column":71}},"11":{"start":{"line":17,"column":28},"end":{"line":17,"column":71}},"12":{"start":{"line":18,"column":2},"end":{"line":18,"column":76}},"13":{"start":{"line":18,"column":33},"end":{"line":18,"column":76}},"14":{"start":{"line":19,"column":2},"end":{"line":19,"column":14}},"15":{"start":{"line":25,"column":33},"end":{"line":28,"column":1}},"16":{"start":{"line":26,"column":2},"end":{"line":26,"column":43}},"17":{"start":{"line":26,"column":30},"end":{"line":26,"column":43}},"18":{"start":{"line":27,"column":2},"end":{"line":27,"column":50}}},"fnMap":{"0":{"name":"(anonymous_0)","decl":{"start":{"line":4,"column":29},"end":{"line":4,"column":30}},"loc":{"start":{"line":4,"column":40},"end":{"line":7,"column":1}},"line":4},"1":{"name":"(anonymous_1)","decl":{"start":{"line":13,"column":32},"end":{"line":13,"column":33}},"loc":{"start":{"line":13,"column":49},"end":{"line":20,"column":1}},"line":13},"2":{"name":"(anonymous_2)","decl":{"start":{"line":25,"column":33},"end":{"line":25,"column":34}},"loc":{"start":{"line":25,"column":57},"end":{"line":28,"column":1}},"line":25}},"branchMap":{"0":{"loc":{"start":{"line":14,"column":2},"end":{"line":14,"column":70}},"type":"if","locations":[{"start":{"line":14,"column":2},"end":{"line":14,"column":70}},{"start":{},"end":{}}],"line":14},"1":{"loc":{"start":{"line":15,"column":2},"end":{"line":15,"column":77}},"type":"if","locations":[{"start":{"line":15,"column":2},"end":{"line":15,"column":77}},{"start":{},"end":{}}],"line":15},"2":{"loc":{"start":{"line":16,"column":2},"end":{"line":16,"column":77}},"type":"if","locations":[{"start":{"line":16,"column":2},"end":{"line":16,"column":77}},{"start":{},"end":{}}],"line":16},"3":{"loc":{"start":{"line":17,"column":2},"end":{"line":17,"column":71}},"type":"if","locations":[{"start":{"line":17,"column":2},"end":{"line":17,"column":71}},{"start":{},"end":{}}],"line":17},"4":{"loc":{"start":{"line":18,"column":2},"end":{"line":18,"column":76}},"type":"if","locations":[{"start":{"line":18,"column":2},"end":{"line":18,"column":76}},{"start":{},"end":{}}],"line":18},"5":{"loc":{"start":{"line":26,"column":2},"end":{"line":26,"column":43}},"type":"if","locations":[{"start":{"line":26,"column":2},"end":{"line":26,"column":43}},{"start":{},"end":{}}],"line":26},"6":{"loc":{"start":{"line":26,"column":6},"end":{"line":26,"column":28}},"type":"binary-expr","locations":[{"start":{"line":26,"column":6},"end":{"line":26,"column":16}},{"start":{"line":26,"column":20},"end":{"line":26,"column":28}}],"line":26}},"s":{"0":1,"1":8,"2":8,"3":1,"4":7,"5":1,"6":6,"7":1,"8":5,"9":1,"10":4,"11":1,"12":3,"13":1,"14":2,"15":1,"16":7,"17":3,"18":4},"f":{"0":8,"1":7,"2":7},"b":{"0":[1,6],"1":[1,5],"2":[1,4],"3":[1,3],"4":[1,2],"5":[3,4],"6":[7,5]},"_coverageSchema":"1a1c01bbd47fc00a2c39e90264f33305004495a9","hash":"f064f126bc6a7f8e2f180c68f59467f4b5865cea"}
}
